::1 - - [29/Sep/2019:16:37:05 -0300] "GET /phpmyadmin/ HTTP/1.1" 200 8022
::1 - - [29/Sep/2019:16:37:15 -0300] "GET /phpmyadmin/ HTTP/1.1" 200 8022
::1 - - [29/Sep/2019:16:37:16 -0300] "GET /phpmyadmin/js/get_scripts.js.php?scripts[]=jquery/jquery-1.8.3.js&scripts[]=ajax.js&scripts[]=keyhandler.js&scripts[]=jquery/jquery-ui-1.9.2.custom.js&scripts[]=jquery/jquery.sprintf.js&scripts[]=jquery/jquery.cookie.js&scripts[]=jquery/jquery.mousewheel.js&scripts[]=jquery/jquery.event.drag-2.2.js&scripts[]=jquery/jquery-ui-timepicker-addon.js&scripts[]=jquery/jquery.ba-hashchange-1.3.js&scripts[]=jquery/jquery.debounce-1.0.5.js&scripts[]=jquery/jquery.menuResizer-1.0.js&scripts[]=rte.js&scripts[]=functions.js&scripts[]=navigation.js&scripts[]=indexes.js&scripts[]=common.js&scripts[]=codemirror/lib/codemirror.js&scripts[]=codemirror/mode/mysql/mysql.js HTTP/1.1" 200 578562
::1 - - [29/Sep/2019:16:37:16 -0300] "GET /phpmyadmin/phpmyadmin.css.php?server=1&token=932e91312e7814bf3730e64106d102f1&nocache=4125195912ltr HTTP/1.1" 200 88608
::1 - - [29/Sep/2019:16:37:16 -0300] "GET /phpmyadmin/phpmyadmin.css.php?server=1&token=7f4d2dab3fa9641fcc740f3f89305565&nocache=4125195912ltr HTTP/1.1" 200 88608
::1 - - [29/Sep/2019:16:37:17 -0300] "GET /phpmyadmin/js/messages.php?lang=pt&db=&server=0&token=881baa85c45452000035b5d2786aef3e HTTP/1.1" 200 18103
::1 - - [29/Sep/2019:16:37:17 -0300] "GET /phpmyadmin/js/messages.php?lang=pt&db=&server=0&token=ffb16bca8f13d4c3ad1c8f1159156014 HTTP/1.1" 200 18103
::1 - - [29/Sep/2019:16:37:18 -0300] "GET /phpmyadmin/js/get_image.js.php?theme=pmahomme HTTP/1.1" 200 6263
::1 - - [29/Sep/2019:16:37:24 -0300] "POST /phpmyadmin/index.php HTTP/1.1" 302 -
::1 - - [29/Sep/2019:16:37:25 -0300] "GET /phpmyadmin/index.php?token=932e91312e7814bf3730e64106d102f1 HTTP/1.1" 200 48457
::1 - - [29/Sep/2019:16:37:26 -0300] "GET /phpmyadmin/phpmyadmin.css.php?server=1&token=932e91312e7814bf3730e64106d102f1&nocache=5694981757ltr HTTP/1.1" 200 88608
::1 - - [29/Sep/2019:16:37:26 -0300] "GET /phpmyadmin/js/messages.php?lang=pt&db=&server=0&token=932e91312e7814bf3730e64106d102f1 HTTP/1.1" 200 18103
::1 - - [29/Sep/2019:16:37:27 -0300] "GET /phpmyadmin/version_check.php?&_nocache=1569785847080616500 HTTP/1.1" 200 39
::1 - - [29/Sep/2019:16:37:29 -0300] "GET /phpmyadmin/navigation.php?ajax_request=1&token=932e91312e7814bf3730e64106d102f1&aPath=cm9vdA%3D%3D.cHJvamV0b3dlYg%3D%3D&vPath=cm9vdA%3D%3D.cHJvamV0b3dlYg%3D%3D&pos=0&pos2_name=&pos2_value=&searchClause=&searchClause2=&_nocache=1569785849317581714 HTTP/1.1" 200 1360
::1 - - [29/Sep/2019:16:37:31 -0300] "GET /phpmyadmin/navigation.php?ajax_request=1&token=932e91312e7814bf3730e64106d102f1&aPath=cm9vdA%3D%3D.cHJvamV0b3dlYg%3D%3D.dGFibGVz.dXN1YXJpbw%3D%3D&vPath=cm9vdA%3D%3D.cHJvamV0b3dlYg%3D%3D.VGFiZWxhcw%3D%3D.dXN1YXJpbw%3D%3D&pos=0&pos2_name=tables&pos2_value=0&searchClause=&searchClause2=&_nocache=1569785851865749755 HTTP/1.1" 200 3476
::1 - - [29/Sep/2019:16:37:34 -0300] "GET /phpmyadmin/navigation.php?ajax_request=1&token=932e91312e7814bf3730e64106d102f1&aPath=cm9vdA%3D%3D.cHJvamV0b3dlYg%3D%3D.dGFibGVz.dXN1YXJpbw%3D%3D.Y29sdW1ucw%3D%3D&vPath=cm9vdA%3D%3D.cHJvamV0b3dlYg%3D%3D.VGFiZWxhcw%3D%3D.dXN1YXJpbw%3D%3D.Q29sdW1ucw%3D%3D&pos=0&pos2_name=tables&pos2_value=0&searchClause=&searchClause2=&_nocache=1569785854870436794 HTTP/1.1" 200 3898
::1 - - [29/Sep/2019:16:38:50 -0300] "GET /phpmyadmin/tbl_structure.php?server=1&db=projetoweb&table=usuario&field=id&change_column=1&token=932e91312e7814bf3730e64106d102f1&ajax_request=true&ajax_page_request=true&menuHashes=69af3d0f&_nocache=1569785930793547542 HTTP/1.1" 200 47024
::1 - - [29/Sep/2019:16:38:52 -0300] "GET /phpmyadmin/js/get_scripts.js.php?scripts[]=tbl_structure.js HTTP/1.1" 200 7496
::1 - - [29/Sep/2019:16:38:52 -0300] "GET /phpmyadmin/index.php?ajax_request=1&recent_table=1&token=932e91312e7814bf3730e64106d102f1 HTTP/1.1" 200 221
::1 - - [29/Sep/2019:16:38:58 -0300] "GET /phpmyadmin/tbl_sql.php?db=projetoweb&table=usuario&token=932e91312e7814bf3730e64106d102f1&ajax_request=true&ajax_page_request=true&menuHashes=69af3d0f-3e560b6b&_nocache=1569785938173469742 HTTP/1.1" 200 8465
::1 - - [29/Sep/2019:16:38:58 -0300] "GET /phpmyadmin/js/get_scripts.js.php?scripts[]=makegrid.js&scripts[]=sql.js HTTP/1.1" 200 35099
::1 - - [29/Sep/2019:16:38:59 -0300] "GET /phpmyadmin/index.php?ajax_request=1&recent_table=1&token=932e91312e7814bf3730e64106d102f1 HTTP/1.1" 200 221
::1 - - [29/Sep/2019:16:41:23 -0300] "GET /phpmyadmin/ HTTP/1.1" 200 8022
::1 - - [29/Sep/2019:16:41:26 -0300] "GET /phpmyadmin/phpmyadmin.css.php?server=1&token=65efce745edad74eb60eba9060a23dc2&nocache=4125195912ltr HTTP/1.1" 200 88608
::1 - - [29/Sep/2019:16:41:26 -0300] "GET /phpmyadmin/js/messages.php?lang=pt&db=&server=0&token=57eb37b932e20e38403d70775ed9fa4f HTTP/1.1" 200 18103
::1 - - [29/Sep/2019:16:42:25 -0300] "POST /phpmyadmin/index.php HTTP/1.1" 302 -
::1 - - [29/Sep/2019:16:42:26 -0300] "GET /phpmyadmin/index.php?token=65efce745edad74eb60eba9060a23dc2 HTTP/1.1" 200 48457
::1 - - [29/Sep/2019:16:42:26 -0300] "GET /phpmyadmin/phpmyadmin.css.php?server=1&token=65efce745edad74eb60eba9060a23dc2&nocache=5694982058ltr HTTP/1.1" 200 88608
::1 - - [29/Sep/2019:16:42:26 -0300] "GET /phpmyadmin/js/messages.php?lang=pt&db=&server=0&token=65efce745edad74eb60eba9060a23dc2 HTTP/1.1" 200 18103
::1 - - [29/Sep/2019:16:42:28 -0300] "GET /phpmyadmin/version_check.php?&_nocache=1569786148030194 HTTP/1.1" 200 39
::1 - - [29/Sep/2019:16:42:33 -0300] "GET /phpmyadmin/server_sql.php?db=&token=65efce745edad74eb60eba9060a23dc2&ajax_request=true&ajax_page_request=true&menuHashes=134e82a1&_nocache=1569786153083507691 HTTP/1.1" 200 6740
::1 - - [29/Sep/2019:16:42:37 -0300] "GET /phpmyadmin/navigation.php?ajax_request=1&token=65efce745edad74eb60eba9060a23dc2&aPath=cm9vdA%3D%3D.cHJvamV0b3dlYg%3D%3D&vPath=cm9vdA%3D%3D.cHJvamV0b3dlYg%3D%3D&pos=0&pos2_name=&pos2_value=&searchClause=&searchClause2=&_nocache=1569786157689720125 HTTP/1.1" 200 1360
::1 - - [29/Sep/2019:16:42:39 -0300] "GET /phpmyadmin/sql.php?server=1&db=projetoweb&table=usuario&pos=0&token=65efce745edad74eb60eba9060a23dc2&ajax_request=true&ajax_page_request=true&menuHashes=134e82a1-103267f7&_nocache=1569786159316228143 HTTP/1.1" 200 10374
::1 - - [29/Sep/2019:16:42:39 -0300] "GET /phpmyadmin/js/get_scripts.js.php?scripts[]=tbl_change.js&scripts[]=tbl_structure.js&scripts[]=gis_data_editor.js HTTP/1.1" 200 22203
::1 - - [29/Sep/2019:16:42:40 -0300] "GET /phpmyadmin/index.php?ajax_request=1&recent_table=1&token=65efce745edad74eb60eba9060a23dc2 HTTP/1.1" 200 221
::1 - - [29/Sep/2019:16:42:43 -0300] "GET /phpmyadmin/tbl_sql.php?db=projetoweb&table=usuario&token=65efce745edad74eb60eba9060a23dc2&ajax_request=true&ajax_page_request=true&menuHashes=134e82a1-103267f7-1e26d1d8&_nocache=1569786163173734409 HTTP/1.1" 200 8465
::1 - - [29/Sep/2019:16:42:43 -0300] "GET /phpmyadmin/index.php?ajax_request=1&recent_table=1&token=65efce745edad74eb60eba9060a23dc2 HTTP/1.1" 200 221
::1 - - [29/Sep/2019:16:43:50 -0300] "GET /phpmyadmin/sql.php?server=1&db=projetoweb&table=usuario&pos=0&token=65efce745edad74eb60eba9060a23dc2&ajax_request=true&ajax_page_request=true&menuHashes=134e82a1-103267f7-1e26d1d8-3dcefb55&_nocache=1569786230543347386 HTTP/1.1" 200 7242
::1 - - [29/Sep/2019:16:43:51 -0300] "GET /phpmyadmin/index.php?ajax_request=1&recent_table=1&token=65efce745edad74eb60eba9060a23dc2 HTTP/1.1" 200 221
::1 - - [29/Sep/2019:16:43:53 -0300] "GET /phpmyadmin/tbl_sql.php?db=projetoweb&table=usuario&token=65efce745edad74eb60eba9060a23dc2&ajax_request=true&ajax_page_request=true&menuHashes=134e82a1-103267f7-1e26d1d8-3dcefb55&_nocache=1569786233298580656 HTTP/1.1" 200 5333
::1 - - [29/Sep/2019:16:43:53 -0300] "GET /phpmyadmin/index.php?ajax_request=1&recent_table=1&token=65efce745edad74eb60eba9060a23dc2 HTTP/1.1" 200 221
::1 - - [29/Sep/2019:16:43:56 -0300] "GET /phpmyadmin/tbl_structure.php?db=projetoweb&table=usuario&token=65efce745edad74eb60eba9060a23dc2&ajax_request=true&ajax_page_request=true&menuHashes=134e82a1-103267f7-1e26d1d8-3dcefb55&_nocache=1569786236529122730 HTTP/1.1" 200 38243
::1 - - [29/Sep/2019:16:43:57 -0300] "GET /phpmyadmin/themes/pmahomme/img/arrow_ltr.png HTTP/1.1" 200 139
::1 - - [29/Sep/2019:16:43:57 -0300] "GET /phpmyadmin/index.php?ajax_request=1&recent_table=1&token=65efce745edad74eb60eba9060a23dc2 HTTP/1.1" 200 221
::1 - - [29/Sep/2019:16:44:09 -0300] "GET /phpmyadmin/tbl_structure.php?db=projetoweb&table=usuario&token=65efce745edad74eb60eba9060a23dc2&goto=tbl_structure.php&back=tbl_structure.php&field=id&change_column=1&ajax_request=true&_nocache=1569786249916250328 HTTP/1.1" 200 42304
::1 - - [29/Sep/2019:16:45:50 -0300] "GET /phpmyadmin/tbl_sql.php?db=projetoweb&table=usuario&token=65efce745edad74eb60eba9060a23dc2&ajax_request=true&ajax_page_request=true&menuHashes=134e82a1-103267f7-1e26d1d8-3dcefb55-8cd12dd3&_nocache=1569786350453108213 HTTP/1.1" 200 5333
::1 - - [29/Sep/2019:16:45:51 -0300] "GET /phpmyadmin/index.php?ajax_request=1&recent_table=1&token=65efce745edad74eb60eba9060a23dc2 HTTP/1.1" 200 221
::1 - - [29/Sep/2019:16:46:10 -0300] "GET /phpmyadmin/sql.php?server=1&db=projetoweb&table=usuario&pos=0&token=65efce745edad74eb60eba9060a23dc2&ajax_request=true&ajax_page_request=true&menuHashes=134e82a1-103267f7-1e26d1d8-3dcefb55-8cd12dd3&_nocache=1569786370905835080 HTTP/1.1" 200 7242
::1 - - [29/Sep/2019:16:46:11 -0300] "GET /phpmyadmin/index.php?ajax_request=1&recent_table=1&token=65efce745edad74eb60eba9060a23dc2 HTTP/1.1" 200 221
::1 - - [29/Sep/2019:16:46:13 -0300] "GET /phpmyadmin/sql.php?server=1&db=projetoweb&table=usuario&pos=0&token=65efce745edad74eb60eba9060a23dc2&ajax_request=true&ajax_page_request=true&menuHashes=134e82a1-103267f7-1e26d1d8-3dcefb55-8cd12dd3&_nocache=1569786373643933710 HTTP/1.1" 200 7242
::1 - - [29/Sep/2019:16:46:13 -0300] "GET /phpmyadmin/index.php?ajax_request=1&recent_table=1&token=65efce745edad74eb60eba9060a23dc2 HTTP/1.1" 200 221
::1 - - [29/Sep/2019:16:46:16 -0300] "GET /phpmyadmin/sql.php?server=1&db=projetoweb&table=usuario&pos=0&token=65efce745edad74eb60eba9060a23dc2&ajax_request=true&ajax_page_request=true&menuHashes=134e82a1-103267f7-1e26d1d8-3dcefb55-8cd12dd3&_nocache=1569786376528813807 HTTP/1.1" 200 7242
::1 - - [29/Sep/2019:16:46:16 -0300] "GET /phpmyadmin/index.php?ajax_request=1&recent_table=1&token=65efce745edad74eb60eba9060a23dc2 HTTP/1.1" 200 221
::1 - - [29/Sep/2019:16:46:18 -0300] "GET /phpmyadmin/tbl_operations.php?db=projetoweb&table=usuario&token=65efce745edad74eb60eba9060a23dc2&ajax_request=true&ajax_page_request=true&menuHashes=134e82a1-103267f7-1e26d1d8-3dcefb55-8cd12dd3&_nocache=1569786378127908867 HTTP/1.1" 200 46706
::1 - - [29/Sep/2019:16:46:18 -0300] "GET /phpmyadmin/index.php?ajax_request=1&recent_table=1&token=65efce745edad74eb60eba9060a23dc2 HTTP/1.1" 200 221
::1 - - [29/Sep/2019:16:46:27 -0300] "GET /phpmyadmin/themes/pmahomme/jquery/images/ui-bg_flat_75_ffffff_40x100.png HTTP/1.1" 200 178
::1 - - [29/Sep/2019:16:46:27 -0300] "GET /phpmyadmin/themes/pmahomme/jquery/images/ui-bg_glass_75_e6e6e6_1x400.png HTTP/1.1" 200 110
::1 - - [29/Sep/2019:16:46:27 -0300] "GET /phpmyadmin/themes/pmahomme/jquery/images/ui-bg_highlight-soft_75_cccccc_1x100.png HTTP/1.1" 200 101
::1 - - [29/Sep/2019:16:46:27 -0300] "GET /phpmyadmin/themes/pmahomme/jquery/images/ui-bg_glass_75_dadada_1x400.png HTTP/1.1" 200 159
::1 - - [29/Sep/2019:16:46:27 -0300] "GET /phpmyadmin/themes/pmahomme/jquery/images/ui-bg_flat_0_aaaaaa_40x100.png HTTP/1.1" 200 180
::1 - - [29/Sep/2019:16:46:27 -0300] "GET /phpmyadmin/themes/pmahomme/jquery/images/ui-icons_222222_256x240.png HTTP/1.1" 200 4369
::1 - - [29/Sep/2019:16:46:28 -0300] "GET /phpmyadmin/themes/pmahomme/jquery/images/ui-bg_glass_65_ffffff_1x400.png HTTP/1.1" 200 105
::1 - - [29/Sep/2019:16:46:29 -0300] "GET /phpmyadmin/sql.php?db=projetoweb&table=usuario&back=tbl_operations.php&goto=db_operations.php&sql_query=DROP+TABLE+%60usuario%60&reload=1&purge=1&message_to_show=A+tabela+usuario+foi+eliminada&token=65efce745edad74eb60eba9060a23dc2&is_js_confirmed=1&ajax_request=true&_nocache=1569786389011323715 HTTP/1.1" 200 1797
::1 - - [29/Sep/2019:16:46:29 -0300] "POST /phpmyadmin/navigation.php?ajax_request=1&token=65efce745edad74eb60eba9060a23dc2 HTTP/1.1" 200 2572
::1 - - [29/Sep/2019:16:46:29 -0300] "POST /phpmyadmin/navigation.php?ajax_request=1&token=65efce745edad74eb60eba9060a23dc2 HTTP/1.1" 200 2572
::1 - - [29/Sep/2019:16:46:29 -0300] "GET /phpmyadmin/db_structure.php?token=65efce745edad74eb60eba9060a23dc2&server=1&db=projetoweb&table=&ajax_request=true&ajax_page_request=true&menuHashes=134e82a1-103267f7-1e26d1d8-3dcefb55-8cd12dd3-8b02a850&_nocache=1569786389533904960 HTTP/1.1" 200 5752
::1 - - [29/Sep/2019:16:46:30 -0300] "GET /phpmyadmin/js/get_scripts.js.php?scripts[]=db_structure.js HTTP/1.1" 200 5367
::1 - - [29/Sep/2019:16:46:31 -0300] "GET /phpmyadmin/db_structure.php?server=1&db=projetoweb&token=65efce745edad74eb60eba9060a23dc2&ajax_request=true&ajax_page_request=true&menuHashes=134e82a1-103267f7-1e26d1d8-3dcefb55-8cd12dd3-8b02a850-6d95fa84&_nocache=1569786391055204787 HTTP/1.1" 200 2484
::1 - - [29/Sep/2019:16:46:33 -0300] "GET /phpmyadmin/db_sql.php?db=projetoweb&token=65efce745edad74eb60eba9060a23dc2&db_query_force=1&ajax_request=true&ajax_page_request=true&menuHashes=134e82a1-103267f7-1e26d1d8-3dcefb55-8cd12dd3-8b02a850-6d95fa84&_nocache=1569786393823352983 HTTP/1.1" 200 7275
::1 - - [29/Sep/2019:16:47:21 -0300] "POST /phpmyadmin/import.php HTTP/1.1" 200 3012
::1 - - [29/Sep/2019:16:47:32 -0300] "POST /phpmyadmin/import.php HTTP/1.1" 200 4713
::1 - - [29/Sep/2019:16:47:42 -0300] "GET /phpmyadmin/index.php?token=65efce745edad74eb60eba9060a23dc2 HTTP/1.1" 200 48527
::1 - - [29/Sep/2019:16:47:43 -0300] "GET /phpmyadmin/db_sql.php?db=projetoweb&table=&server=1&target=&token=65efce745edad74eb60eba9060a23dc2 HTTP/1.1" 200 15262
::1 - - [29/Sep/2019:16:47:43 -0300] "GET /phpmyadmin/js/messages.php?lang=pt&db=projetoweb&token=65efce745edad74eb60eba9060a23dc2 HTTP/1.1" 200 18103
::1 - - [29/Sep/2019:16:47:43 -0300] "GET /phpmyadmin/js/get_scripts.js.php?scripts[]=jquery/jquery-1.8.3.js&scripts[]=ajax.js&scripts[]=keyhandler.js&scripts[]=jquery/jquery-ui-1.9.2.custom.js&scripts[]=jquery/jquery.sprintf.js&scripts[]=jquery/jquery.cookie.js&scripts[]=jquery/jquery.mousewheel.js&scripts[]=jquery/jquery.event.drag-2.2.js&scripts[]=jquery/jquery-ui-timepicker-addon.js&scripts[]=jquery/jquery.ba-hashchange-1.3.js&scripts[]=jquery/jquery.debounce-1.0.5.js&scripts[]=jquery/jquery.menuResizer-1.0.js&scripts[]=rte.js&scripts[]=functions.js&scripts[]=navigation.js&scripts[]=indexes.js&scripts[]=common.js&scripts[]=makegrid.js&scripts[]=sql.js&scripts[]=codemirror/lib/codemirror.js&scripts[]=codemirror/mode/mysql/mysql.js HTTP/1.1" 200 613661
::1 - - [29/Sep/2019:16:47:47 -0300] "GET /phpmyadmin/navigation.php?ajax_request=1&token=65efce745edad74eb60eba9060a23dc2&aPath=cm9vdA%3D%3D.cHJvamV0b3dlYg%3D%3D&vPath=cm9vdA%3D%3D.cHJvamV0b3dlYg%3D%3D&pos=0&pos2_name=&pos2_value=&searchClause=&searchClause2=&_nocache=1569786467142797191 HTTP/1.1" 200 1360
::1 - - [29/Sep/2019:16:47:49 -0300] "GET /phpmyadmin/sql.php?server=1&db=projetoweb&table=usuario&pos=0&token=65efce745edad74eb60eba9060a23dc2&ajax_request=true&ajax_page_request=true&menuHashes=6df67996&_nocache=156978646949332908 HTTP/1.1" 200 10374
::1 - - [29/Sep/2019:16:47:49 -0300] "GET /phpmyadmin/index.php?ajax_request=1&recent_table=1&token=65efce745edad74eb60eba9060a23dc2 HTTP/1.1" 200 221
::1 - - [29/Sep/2019:16:47:52 -0300] "GET /phpmyadmin/tbl_sql.php?db=projetoweb&table=usuario&token=65efce745edad74eb60eba9060a23dc2&ajax_request=true&ajax_page_request=true&menuHashes=6df67996-1e26d1d8&_nocache=1569786472018251625 HTTP/1.1" 200 8465
::1 - - [29/Sep/2019:16:47:52 -0300] "GET /phpmyadmin/index.php?ajax_request=1&recent_table=1&token=65efce745edad74eb60eba9060a23dc2 HTTP/1.1" 200 221
::1 - - [29/Sep/2019:16:48:53 -0300] "GET /phpmyadmin/navigation.php?ajax_request=1&token=65efce745edad74eb60eba9060a23dc2&aPath=cm9vdA%3D%3D.cHJvamV0b3dlYg%3D%3D.dGFibGVz.dXN1YXJpbw%3D%3D&vPath=cm9vdA%3D%3D.cHJvamV0b3dlYg%3D%3D.VGFiZWxhcw%3D%3D.dXN1YXJpbw%3D%3D&pos=0&pos2_name=tables&pos2_value=0&searchClause=&searchClause2=&_nocache=1569786533693639325 HTTP/1.1" 200 3476
::1 - - [29/Sep/2019:16:49:06 -0300] "GET /phpmyadmin/navigation.php?ajax_request=1&token=65efce745edad74eb60eba9060a23dc2&aPath=cm9vdA%3D%3D.cHJvamV0b3dlYg%3D%3D.dGFibGVz.dXN1YXJpbw%3D%3D.Y29sdW1ucw%3D%3D&vPath=cm9vdA%3D%3D.cHJvamV0b3dlYg%3D%3D.VGFiZWxhcw%3D%3D.dXN1YXJpbw%3D%3D.Q29sdW1ucw%3D%3D&pos=0&pos2_name=tables&pos2_value=0&searchClause=&searchClause2=&_nocache=1569786545511694754 HTTP/1.1" 200 3898
::1 - - [29/Sep/2019:16:54:05 -0300] "GET /phpmyadmin/tbl_structure.php?server=1&db=projetoweb&table=usuario&field=cpf&change_column=1&token=65efce745edad74eb60eba9060a23dc2&ajax_request=true&ajax_page_request=true&menuHashes=6df67996-1e26d1d8-3dcefb55&_nocache=1569786845505897868 HTTP/1.1" 200 47050
::1 - - [29/Sep/2019:16:54:06 -0300] "GET /phpmyadmin/index.php?ajax_request=1&recent_table=1&token=65efce745edad74eb60eba9060a23dc2 HTTP/1.1" 200 221
::1 - - [29/Sep/2019:16:54:11 -0300] "POST /phpmyadmin/tbl_structure.php HTTP/1.1" 200 36579
::1 - - [29/Sep/2019:16:54:12 -0300] "POST /phpmyadmin/navigation.php?ajax_request=1&token=65efce745edad74eb60eba9060a23dc2 HTTP/1.1" 200 10537
::1 - - [29/Sep/2019:16:54:35 -0300] "GET /phpmyadmin/sql.php?server=1&db=projetoweb&table=usuario&pos=0&token=65efce745edad74eb60eba9060a23dc2&ajax_request=true&ajax_page_request=true&menuHashes=6df67996-1e26d1d8-3dcefb55-8cd12dd3&_nocache=1569786875089278258 HTTP/1.1" 200 17469
::1 - - [29/Sep/2019:16:54:35 -0300] "GET /phpmyadmin/themes/pmahomme/img/col_drop.png HTTP/1.1" 200 132
::1 - - [29/Sep/2019:16:54:35 -0300] "GET /phpmyadmin/themes/pmahomme/img/col_pointer.png HTTP/1.1" 200 113
::1 - - [29/Sep/2019:16:54:35 -0300] "GET /phpmyadmin/themes/pmahomme/img/s_fulltext.png HTTP/1.1" 200 193
::1 - - [29/Sep/2019:16:54:35 -0300] "GET /phpmyadmin/index.php?ajax_request=1&recent_table=1&token=65efce745edad74eb60eba9060a23dc2 HTTP/1.1" 200 221
::1 - - [29/Sep/2019:16:59:32 -0300] "GET /phpmyadmin/db_sql.php?db=projetoweb&table=&server=1&target=&token=65efce745edad74eb60eba9060a23dc2 HTTP/1.1" 200 15262
::1 - - [29/Sep/2019:16:59:32 -0300] "GET /phpmyadmin/db_sql.php?db=projetoweb&table=&server=1&target=&token=65efce745edad74eb60eba9060a23dc2 HTTP/1.1" 200 15262
::1 - - [29/Sep/2019:16:59:33 -0300] "GET /phpmyadmin/sql.php?db=projetoweb&table=usuario&server=1&target=&token=65efce745edad74eb60eba9060a23dc2 HTTP/1.1" 200 32471
::1 - - [29/Sep/2019:16:59:33 -0300] "GET /phpmyadmin/js/get_scripts.js.php?scripts[]=jquery/jquery-1.8.3.js&scripts[]=ajax.js&scripts[]=keyhandler.js&scripts[]=jquery/jquery-ui-1.9.2.custom.js&scripts[]=jquery/jquery.sprintf.js&scripts[]=jquery/jquery.cookie.js&scripts[]=jquery/jquery.mousewheel.js&scripts[]=jquery/jquery.event.drag-2.2.js&scripts[]=jquery/jquery-ui-timepicker-addon.js&scripts[]=jquery/jquery.ba-hashchange-1.3.js&scripts[]=jquery/jquery.debounce-1.0.5.js&scripts[]=jquery/jquery.menuResizer-1.0.js&scripts[]=rte.js&scripts[]=functions.js&scripts[]=navigation.js&scripts[]=indexes.js&scripts[]=common.js&scripts[]=tbl_change.js&scripts[]=tbl_structure.js&scripts[]=gis_data_editor.js&scripts[]=makegrid.js&scripts[]=sql.js&scripts[]=codemirror/lib/codemirror.js&scripts[]=codemirror/mode/mysql/mysql.js HTTP/1.1" 200 635864
::1 - - [29/Sep/2019:16:59:33 -0300] "GET /phpmyadmin/index.php?ajax_request=1&recent_table=1&token=65efce745edad74eb60eba9060a23dc2 HTTP/1.1" 200 221
::1 - - [29/Sep/2019:17:19:54 -0300] "GET /phpmyadmin/ HTTP/1.1" 200 8022
::1 - - [29/Sep/2019:17:19:54 -0300] "GET /phpmyadmin/ HTTP/1.1" 200 8022
::1 - - [29/Sep/2019:17:19:54 -0300] "GET /phpmyadmin/js/messages.php?lang=pt&db=&server=0&token=755c3065df5bbe18f4e07168e6262600 HTTP/1.1" 200 18103
::1 - - [29/Sep/2019:17:19:54 -0300] "GET /phpmyadmin/phpmyadmin.css.php?server=1&token=3f85133b50f4bc84abd5c8ee832653c6&nocache=4125195912ltr HTTP/1.1" 200 88608
::1 - - [29/Sep/2019:17:19:58 -0300] "POST /phpmyadmin/index.php HTTP/1.1" 302 -
::1 - - [29/Sep/2019:17:19:59 -0300] "GET /phpmyadmin/index.php?token=3f85133b50f4bc84abd5c8ee832653c6 HTTP/1.1" 200 48457
::1 - - [29/Sep/2019:17:19:59 -0300] "GET /phpmyadmin/phpmyadmin.css.php?server=1&token=3f85133b50f4bc84abd5c8ee832653c6&nocache=5694984311ltr HTTP/1.1" 200 88608
::1 - - [29/Sep/2019:17:19:59 -0300] "GET /phpmyadmin/js/messages.php?lang=pt&db=&server=0&token=3f85133b50f4bc84abd5c8ee832653c6 HTTP/1.1" 200 18103
::1 - - [29/Sep/2019:17:19:59 -0300] "GET /phpmyadmin/version_check.php?&_nocache=1569788399942824414 HTTP/1.1" 200 39
::1 - - [29/Sep/2019:17:20:02 -0300] "GET /phpmyadmin/db_structure.php?server=1&db=projetoweb&token=3f85133b50f4bc84abd5c8ee832653c6&ajax_request=true&ajax_page_request=true&menuHashes=a08c9e21&_nocache=1569788402141668990 HTTP/1.1" 200 12980
::1 - - [29/Sep/2019:17:20:02 -0300] "GET /phpmyadmin/js/get_scripts.js.php?scripts[]=db_structure.js&scripts[]=tbl_change.js HTTP/1.1" 200 12382
::1 - - [29/Sep/2019:17:20:07 -0300] "GET /phpmyadmin/sql.php?db=projetoweb&token=3f85133b50f4bc84abd5c8ee832653c6&goto=db_structure.php&table=usuario&pos=0&ajax_request=true&ajax_page_request=true&menuHashes=a08c9e21-dcd0c22c&_nocache=1569788407063753161 HTTP/1.1" 200 24866
::1 - - [29/Sep/2019:17:20:07 -0300] "GET /phpmyadmin/js/get_scripts.js.php?scripts[]=tbl_structure.js&scripts[]=gis_data_editor.js&scripts[]=makegrid.js&scripts[]=sql.js HTTP/1.1" 200 50287
::1 - - [29/Sep/2019:17:20:07 -0300] "GET /phpmyadmin/index.php?ajax_request=1&recent_table=1&token=3f85133b50f4bc84abd5c8ee832653c6 HTTP/1.1" 200 221
::1 - - [29/Sep/2019:17:23:02 -0300] "GET /phpmyadmin/index.php?token=3f85133b50f4bc84abd5c8ee832653c6 HTTP/1.1" 200 48527
::1 - - [29/Sep/2019:17:23:02 -0300] "GET /phpmyadmin/sql.php?db=projetoweb&table=usuario&server=1&target=&token=3f85133b50f4bc84abd5c8ee832653c6 HTTP/1.1" 200 34793
::1 - - [29/Sep/2019:17:23:02 -0300] "GET /phpmyadmin/js/messages.php?lang=pt&db=projetoweb&token=3f85133b50f4bc84abd5c8ee832653c6 HTTP/1.1" 200 18103
::1 - - [29/Sep/2019:17:23:03 -0300] "GET /phpmyadmin/index.php?ajax_request=1&recent_table=1&token=3f85133b50f4bc84abd5c8ee832653c6 HTTP/1.1" 200 221
::1 - - [29/Sep/2019:17:25:54 -0300] "GET /phpmyadmin/sql.php?db=projetoweb&table=usuario&server=1&target=&token=3f85133b50f4bc84abd5c8ee832653c6 HTTP/1.1" 200 39438
::1 - - [29/Sep/2019:17:25:55 -0300] "GET /phpmyadmin/sql.php?db=projetoweb&table=usuario&server=1&target=&token=3f85133b50f4bc84abd5c8ee832653c6 HTTP/1.1" 200 39438
::1 - - [29/Sep/2019:17:25:55 -0300] "GET /phpmyadmin/index.php?ajax_request=1&recent_table=1&token=3f85133b50f4bc84abd5c8ee832653c6 HTTP/1.1" 200 221
::1 - - [29/Sep/2019:17:26:00 -0300] "GET /phpmyadmin/sql.php?db=projetoweb&table=usuario&server=1&target=&token=3f85133b50f4bc84abd5c8ee832653c6 HTTP/1.1" 200 41761
::1 - - [29/Sep/2019:17:26:01 -0300] "GET /phpmyadmin/sql.php?db=projetoweb&table=usuario&server=1&target=&token=3f85133b50f4bc84abd5c8ee832653c6 HTTP/1.1" 200 41761
::1 - - [29/Sep/2019:17:26:01 -0300] "GET /phpmyadmin/index.php?ajax_request=1&recent_table=1&token=3f85133b50f4bc84abd5c8ee832653c6 HTTP/1.1" 200 221
::1 - - [29/Sep/2019:17:26:05 -0300] "GET /phpmyadmin/sql.php?db=projetoweb&table=usuario&sql_query=DELETE+FROM+%60projetoweb%60.%60usuario%60+WHERE+%60usuario%60.%60id%60+%3D+6&message_to_show=Registo+eliminado&goto=sql.php%3Fdb%3Dprojetoweb%26table%3Dusuario%26sql_query%3DSELECT%2B%252A%2BFROM%2B%2560usuario%2560%26message_to_show%3DRegisto%2Beliminado%26goto%3Dtbl_sql.php%26token%3D3f85133b50f4bc84abd5c8ee832653c6&token=3f85133b50f4bc84abd5c8ee832653c6&ajax_request=true&ajax_page_request=true&menuHashes=f0bc7e02&_nocache=1569788765848417602 HTTP/1.1" 200 4230
::1 - - [29/Sep/2019:17:26:06 -0300] "GET /phpmyadmin/index.php?ajax_request=1&recent_table=1&token=3f85133b50f4bc84abd5c8ee832653c6 HTTP/1.1" 200 221
::1 - - [29/Sep/2019:17:26:09 -0300] "POST /phpmyadmin/sql.php HTTP/1.1" 302 14390
::1 - - [29/Sep/2019:17:26:09 -0300] "GET /phpmyadmin/sql.php?db=projetoweb&table=usuario&sql_query=SELECT+%2A+FROM+%60usuario%60&message_to_show=Registo+eliminado&goto=tbl_sql.php&token=3f85133b50f4bc84abd5c8ee832653c6&message=1+linhas+exclu%C3%ADda.+%28O+Query+demorou+0.0746+sec%29 HTTP/1.1" 200 40444
::1 - - [29/Sep/2019:17:26:10 -0300] "GET /phpmyadmin/js/messages.php?lang=pt&db=projetoweb&server=0&token=3f85133b50f4bc84abd5c8ee832653c6 HTTP/1.1" 200 18103
::1 - - [29/Sep/2019:17:26:10 -0300] "GET /phpmyadmin/index.php?ajax_request=1&recent_table=1&token=3f85133b50f4bc84abd5c8ee832653c6 HTTP/1.1" 200 221
::1 - - [29/Sep/2019:17:26:32 -0300] "GET /phpmyadmin/sql.php?db=projetoweb&table=usuario&sql_query=SELECT+%2A+FROM+%60usuario%60&message_to_show=Registo+eliminado&goto=tbl_sql.php&token=3f85133b50f4bc84abd5c8ee832653c6&message=1+linhas+exclu%C3%ADda.+%28O+Query+demorou+0.0746+sec%29 HTTP/1.1" 200 42767
::1 - - [29/Sep/2019:17:26:33 -0300] "GET /phpmyadmin/index.php?ajax_request=1&recent_table=1&token=3f85133b50f4bc84abd5c8ee832653c6 HTTP/1.1" 200 221
::1 - - [29/Sep/2019:17:33:44 -0300] "GET /phpmyadmin/sql.php?db=projetoweb&table=usuario&sql_query=SELECT+%2A+FROM+%60usuario%60&message_to_show=Registo+eliminado&goto=tbl_sql.php&token=3f85133b50f4bc84abd5c8ee832653c6&message=1+linhas+exclu%C3%ADda.+%28O+Query+demorou+0.0746+sec%29 HTTP/1.1" 200 59080
::1 - - [29/Sep/2019:17:33:45 -0300] "GET /phpmyadmin/index.php?ajax_request=1&recent_table=1&token=3f85133b50f4bc84abd5c8ee832653c6 HTTP/1.1" 200 221
::1 - - [29/Sep/2019:17:33:49 -0300] "GET /phpmyadmin/sql.php?db=projetoweb&table=usuario&sql_query=DELETE+FROM+%60projetoweb%60.%60usuario%60+WHERE+%60usuario%60.%60id%60+%3D+14&message_to_show=Registo+eliminado&goto=sql.php%3Fdb%3Dprojetoweb%26table%3Dusuario%26sql_query%3DSELECT%2B%252A%2BFROM%2B%2560usuario%2560%26message_to_show%3DRegisto%2Beliminado%26goto%3Dtbl_sql.php%26token%3D3f85133b50f4bc84abd5c8ee832653c6&token=3f85133b50f4bc84abd5c8ee832653c6&ajax_request=true&ajax_page_request=true&_nocache=1569789229983744645 HTTP/1.1" 200 7366
::1 - - [29/Sep/2019:17:33:50 -0300] "GET /phpmyadmin/index.php?ajax_request=1&recent_table=1&token=3f85133b50f4bc84abd5c8ee832653c6 HTTP/1.1" 200 221
::1 - - [29/Sep/2019:17:33:52 -0300] "POST /phpmyadmin/sql.php HTTP/1.1" 302 14395
::1 - - [29/Sep/2019:17:33:52 -0300] "GET /phpmyadmin/sql.php?db=projetoweb&table=usuario&sql_query=SELECT+%2A+FROM+%60usuario%60&message_to_show=Registo+eliminado&goto=tbl_sql.php&token=3f85133b50f4bc84abd5c8ee832653c6&message=1+linhas+exclu%C3%ADda.+%28O+Query+demorou+0.0771+sec%29 HTTP/1.1" 200 56747
::1 - - [29/Sep/2019:17:33:53 -0300] "GET /phpmyadmin/index.php?ajax_request=1&recent_table=1&token=3f85133b50f4bc84abd5c8ee832653c6 HTTP/1.1" 200 221
::1 - - [29/Sep/2019:17:33:54 -0300] "GET /phpmyadmin/tbl_sql.php?db=projetoweb&table=usuario&token=3f85133b50f4bc84abd5c8ee832653c6&ajax_request=true&ajax_page_request=true&_nocache=1569789234848128316 HTTP/1.1" 200 8465
::1 - - [29/Sep/2019:17:33:55 -0300] "GET /phpmyadmin/index.php?ajax_request=1&recent_table=1&token=3f85133b50f4bc84abd5c8ee832653c6 HTTP/1.1" 200 221
::1 - - [29/Sep/2019:17:34:04 -0300] "POST /phpmyadmin/import.php HTTP/1.1" 200 1747
::1 - - [29/Sep/2019:17:34:07 -0300] "GET /phpmyadmin/tbl_structure.php?db=projetoweb&table=usuario&token=3f85133b50f4bc84abd5c8ee832653c6&ajax_request=true&ajax_page_request=true&menuHashes=883f43d7&_nocache=1569789247365840400 HTTP/1.1" 200 38245
::1 - - [29/Sep/2019:17:34:07 -0300] "GET /phpmyadmin/index.php?ajax_request=1&recent_table=1&token=3f85133b50f4bc84abd5c8ee832653c6 HTTP/1.1" 200 221
::1 - - [29/Sep/2019:17:34:09 -0300] "GET /phpmyadmin/sql.php?db=projetoweb&table=usuario&token=3f85133b50f4bc84abd5c8ee832653c6&pos=0&ajax_request=true&ajax_page_request=true&menuHashes=883f43d7-b8b291ea&_nocache=1569789249326308098 HTTP/1.1" 200 10372
::1 - - [29/Sep/2019:17:34:09 -0300] "GET /phpmyadmin/index.php?ajax_request=1&recent_table=1&token=3f85133b50f4bc84abd5c8ee832653c6 HTTP/1.1" 200 221
::1 - - [29/Sep/2019:17:48:43 -0300] "GET /phpmyadmin/sql.php?db=projetoweb&table=usuario&sql_query=SELECT+%2A+FROM+%60usuario%60&message_to_show=Registo+eliminado&goto=tbl_sql.php&token=3f85133b50f4bc84abd5c8ee832653c6&message=1+linhas+exclu%C3%ADda.+%28O+Query+demorou+0.0771+sec%29 HTTP/1.1" 200 33495
::1 - - [29/Sep/2019:17:48:44 -0300] "GET /phpmyadmin/sql.php?db=projetoweb&table=usuario&server=1&target=&token=3f85133b50f4bc84abd5c8ee832653c6 HTTP/1.1" 200 32489
::1 - - [29/Sep/2019:17:48:44 -0300] "GET /phpmyadmin/index.php?ajax_request=1&recent_table=1&token=3f85133b50f4bc84abd5c8ee832653c6 HTTP/1.1" 200 221
::1 - - [29/Sep/2019:18:17:05 -0300] "GET /phpmyadmin/sql.php?db=projetoweb&table=usuario&server=1&target=&token=3f85133b50f4bc84abd5c8ee832653c6 HTTP/1.1" 200 8143
::1 - - [29/Sep/2019:18:17:08 -0300] "GET /phpmyadmin/phpmyadmin.css.php?server=1&token=a087aff692f39b31e39c7e41533bd34e&nocache=4125195912ltr HTTP/1.1" 200 88608
::1 - - [29/Sep/2019:18:17:08 -0300] "GET /phpmyadmin/js/messages.php?lang=pt&db=projetoweb&token=c853529e97c04d66a5177e0aa7216f32 HTTP/1.1" 200 18103
::1 - - [29/Sep/2019:18:17:08 -0300] "GET /phpmyadmin/js/get_scripts.js.php?scripts[]=jquery/jquery-1.8.3.js&scripts[]=ajax.js&scripts[]=keyhandler.js&scripts[]=jquery/jquery-ui-1.9.2.custom.js&scripts[]=jquery/jquery.sprintf.js&scripts[]=jquery/jquery.cookie.js&scripts[]=jquery/jquery.mousewheel.js&scripts[]=jquery/jquery.event.drag-2.2.js&scripts[]=jquery/jquery-ui-timepicker-addon.js&scripts[]=jquery/jquery.ba-hashchange-1.3.js&scripts[]=jquery/jquery.debounce-1.0.5.js&scripts[]=jquery/jquery.menuResizer-1.0.js&scripts[]=rte.js&scripts[]=functions.js&scripts[]=navigation.js&scripts[]=indexes.js&scripts[]=common.js&scripts[]=codemirror/lib/codemirror.js&scripts[]=codemirror/mode/mysql/mysql.js HTTP/1.1" 200 578562
::1 - - [29/Sep/2019:18:17:10 -0300] "GET /phpmyadmin/sql.php?db=projetoweb&table=usuario&server=1&target=&token=3f85133b50f4bc84abd5c8ee832653c6 HTTP/1.1" 200 8143
::1 - - [29/Sep/2019:18:17:10 -0300] "GET /phpmyadmin/phpmyadmin.css.php?server=1&token=0eb426110a4d56ce1ec9afa84c84d08c&nocache=4125195912ltr HTTP/1.1" 200 88608
::1 - - [29/Sep/2019:18:17:10 -0300] "GET /phpmyadmin/js/messages.php?lang=pt&db=projetoweb&token=a087aff692f39b31e39c7e41533bd34e HTTP/1.1" 200 18103
::1 - - [29/Sep/2019:18:17:15 -0300] "POST /phpmyadmin/index.php HTTP/1.1" 302 -
::1 - - [29/Sep/2019:18:17:16 -0300] "GET /phpmyadmin/index.php?db=projetoweb&table=usuario&target=sql.php&token=0eb426110a4d56ce1ec9afa84c84d08c HTTP/1.1" 200 32451
::1 - - [29/Sep/2019:18:17:17 -0300] "GET /phpmyadmin/phpmyadmin.css.php?server=1&token=0eb426110a4d56ce1ec9afa84c84d08c&nocache=5694987748ltr HTTP/1.1" 200 88608
::1 - - [29/Sep/2019:18:17:17 -0300] "GET /phpmyadmin/js/get_scripts.js.php?scripts[]=jquery/jquery-1.8.3.js&scripts[]=ajax.js&scripts[]=keyhandler.js&scripts[]=jquery/jquery-ui-1.9.2.custom.js&scripts[]=jquery/jquery.sprintf.js&scripts[]=jquery/jquery.cookie.js&scripts[]=jquery/jquery.mousewheel.js&scripts[]=jquery/jquery.event.drag-2.2.js&scripts[]=jquery/jquery-ui-timepicker-addon.js&scripts[]=jquery/jquery.ba-hashchange-1.3.js&scripts[]=jquery/jquery.debounce-1.0.5.js&scripts[]=jquery/jquery.menuResizer-1.0.js&scripts[]=rte.js&scripts[]=functions.js&scripts[]=navigation.js&scripts[]=indexes.js&scripts[]=common.js&scripts[]=tbl_change.js&scripts[]=tbl_structure.js&scripts[]=gis_data_editor.js&scripts[]=makegrid.js&scripts[]=sql.js&scripts[]=codemirror/lib/codemirror.js&scripts[]=codemirror/mode/mysql/mysql.js HTTP/1.1" 200 635864
::1 - - [29/Sep/2019:18:17:17 -0300] "GET /phpmyadmin/js/messages.php?lang=pt&db=projetoweb&server=0&token=0eb426110a4d56ce1ec9afa84c84d08c HTTP/1.1" 200 18103
::1 - - [29/Sep/2019:18:17:18 -0300] "GET /phpmyadmin/index.php?ajax_request=1&recent_table=1&token=0eb426110a4d56ce1ec9afa84c84d08c HTTP/1.1" 200 221
::1 - - [29/Sep/2019:18:17:38 -0300] "GET /phpmyadmin/index.php?db=projetoweb&table=usuario&target=sql.php&token=0eb426110a4d56ce1ec9afa84c84d08c HTTP/1.1" 200 32521
::1 - - [29/Sep/2019:18:17:39 -0300] "GET /phpmyadmin/index.php?db=projetoweb&table=usuario&server=1&target=sql.php&token=0eb426110a4d56ce1ec9afa84c84d08c HTTP/1.1" 200 32486
::1 - - [29/Sep/2019:18:17:39 -0300] "GET /phpmyadmin/js/messages.php?lang=pt&db=projetoweb&token=0eb426110a4d56ce1ec9afa84c84d08c HTTP/1.1" 200 18103
::1 - - [29/Sep/2019:18:17:39 -0300] "GET /phpmyadmin/index.php?ajax_request=1&recent_table=1&token=0eb426110a4d56ce1ec9afa84c84d08c HTTP/1.1" 200 221
::1 - - [29/Sep/2019:18:18:08 -0300] "GET /phpmyadmin/index.php?db=projetoweb&table=usuario&server=1&target=sql.php&token=0eb426110a4d56ce1ec9afa84c84d08c HTTP/1.1" 200 34817
::1 - - [29/Sep/2019:18:18:08 -0300] "GET /phpmyadmin/index.php?db=projetoweb&table=usuario&server=1&target=sql.php&token=0eb426110a4d56ce1ec9afa84c84d08c HTTP/1.1" 200 34817
::1 - - [29/Sep/2019:18:18:09 -0300] "GET /phpmyadmin/index.php?ajax_request=1&recent_table=1&token=0eb426110a4d56ce1ec9afa84c84d08c HTTP/1.1" 200 221
::1 - - [29/Sep/2019:18:21:36 -0300] "GET /phpmyadmin/index.php?db=projetoweb&table=usuario&server=1&target=sql.php&token=0eb426110a4d56ce1ec9afa84c84d08c HTTP/1.1" 200 34817
::1 - - [29/Sep/2019:18:21:36 -0300] "GET /phpmyadmin/index.php?db=projetoweb&table=usuario&server=1&target=sql.php&token=0eb426110a4d56ce1ec9afa84c84d08c HTTP/1.1" 200 34817
::1 - - [29/Sep/2019:18:21:37 -0300] "GET /phpmyadmin/index.php?ajax_request=1&recent_table=1&token=0eb426110a4d56ce1ec9afa84c84d08c HTTP/1.1" 200 221
::1 - - [29/Sep/2019:18:21:52 -0300] "GET /phpmyadmin/index.php?db=projetoweb&table=usuario&server=1&target=sql.php&token=0eb426110a4d56ce1ec9afa84c84d08c HTTP/1.1" 200 37149
::1 - - [29/Sep/2019:18:21:52 -0300] "GET /phpmyadmin/index.php?db=projetoweb&table=usuario&server=1&target=sql.php&token=0eb426110a4d56ce1ec9afa84c84d08c HTTP/1.1" 200 37149
::1 - - [29/Sep/2019:18:21:53 -0300] "GET /phpmyadmin/index.php?ajax_request=1&recent_table=1&token=0eb426110a4d56ce1ec9afa84c84d08c HTTP/1.1" 200 221
::1 - - [29/Sep/2019:18:30:37 -0300] "GET /phpmyadmin/index.php?db=projetoweb&table=usuario&server=1&target=sql.php&token=0eb426110a4d56ce1ec9afa84c84d08c HTTP/1.1" 200 37149
::1 - - [29/Sep/2019:18:30:38 -0300] "GET /phpmyadmin/index.php?db=projetoweb&table=usuario&server=1&target=sql.php&token=0eb426110a4d56ce1ec9afa84c84d08c HTTP/1.1" 200 37149
::1 - - [29/Sep/2019:18:30:38 -0300] "GET /phpmyadmin/index.php?ajax_request=1&recent_table=1&token=0eb426110a4d56ce1ec9afa84c84d08c HTTP/1.1" 200 221
::1 - - [29/Sep/2019:18:30:59 -0300] "GET /phpmyadmin/index.php?db=projetoweb&table=usuario&server=1&target=sql.php&token=0eb426110a4d56ce1ec9afa84c84d08c HTTP/1.1" 200 39480
::1 - - [29/Sep/2019:18:30:59 -0300] "GET /phpmyadmin/index.php?db=projetoweb&table=usuario&server=1&target=sql.php&token=0eb426110a4d56ce1ec9afa84c84d08c HTTP/1.1" 200 39480
::1 - - [29/Sep/2019:18:31:00 -0300] "GET /phpmyadmin/index.php?ajax_request=1&recent_table=1&token=0eb426110a4d56ce1ec9afa84c84d08c HTTP/1.1" 200 221
::1 - - [29/Sep/2019:18:32:14 -0300] "GET /phpmyadmin/index.php?db=projetoweb&table=usuario&server=1&target=sql.php&token=0eb426110a4d56ce1ec9afa84c84d08c HTTP/1.1" 200 39480
::1 - - [29/Sep/2019:18:32:15 -0300] "GET /phpmyadmin/index.php?db=projetoweb&table=usuario&server=1&target=sql.php&token=0eb426110a4d56ce1ec9afa84c84d08c HTTP/1.1" 200 39480
::1 - - [29/Sep/2019:18:32:16 -0300] "GET /phpmyadmin/index.php?ajax_request=1&recent_table=1&token=0eb426110a4d56ce1ec9afa84c84d08c HTTP/1.1" 200 221
::1 - - [29/Sep/2019:18:32:30 -0300] "GET /phpmyadmin/index.php?db=projetoweb&table=usuario&server=1&target=sql.php&token=0eb426110a4d56ce1ec9afa84c84d08c HTTP/1.1" 200 39480
::1 - - [29/Sep/2019:18:32:30 -0300] "GET /phpmyadmin/index.php?db=projetoweb&table=usuario&server=1&target=sql.php&token=0eb426110a4d56ce1ec9afa84c84d08c HTTP/1.1" 200 39480
::1 - - [29/Sep/2019:18:32:31 -0300] "GET /phpmyadmin/index.php?ajax_request=1&recent_table=1&token=0eb426110a4d56ce1ec9afa84c84d08c HTTP/1.1" 200 221
::1 - - [29/Sep/2019:18:35:03 -0300] "GET /phpmyadmin/index.php?db=projetoweb&table=usuario&server=1&target=sql.php&token=0eb426110a4d56ce1ec9afa84c84d08c HTTP/1.1" 200 39480
::1 - - [29/Sep/2019:18:35:03 -0300] "GET /phpmyadmin/index.php?db=projetoweb&table=usuario&server=1&target=sql.php&token=0eb426110a4d56ce1ec9afa84c84d08c HTTP/1.1" 200 39480
::1 - - [29/Sep/2019:18:35:03 -0300] "GET /phpmyadmin/index.php?ajax_request=1&recent_table=1&token=0eb426110a4d56ce1ec9afa84c84d08c HTTP/1.1" 200 221
::1 - - [29/Sep/2019:18:35:19 -0300] "GET /phpmyadmin/index.php?db=projetoweb&table=usuario&server=1&target=sql.php&token=0eb426110a4d56ce1ec9afa84c84d08c HTTP/1.1" 200 39480
::1 - - [29/Sep/2019:18:35:19 -0300] "GET /phpmyadmin/index.php?db=projetoweb&table=usuario&server=1&target=sql.php&token=0eb426110a4d56ce1ec9afa84c84d08c HTTP/1.1" 200 39480
::1 - - [29/Sep/2019:18:35:20 -0300] "GET /phpmyadmin/index.php?ajax_request=1&recent_table=1&token=0eb426110a4d56ce1ec9afa84c84d08c HTTP/1.1" 200 221
::1 - - [29/Sep/2019:18:36:46 -0300] "GET /phpmyadmin/index.php?db=projetoweb&table=usuario&server=1&target=sql.php&token=0eb426110a4d56ce1ec9afa84c84d08c HTTP/1.1" 200 8143
::1 - - [29/Sep/2019:18:36:47 -0300] "GET /phpmyadmin/phpmyadmin.css.php?server=1&token=536f48fa6b6254e30912cb7cfd569712&nocache=4125195912ltr HTTP/1.1" 200 88608
::1 - - [29/Sep/2019:18:36:47 -0300] "GET /phpmyadmin/js/messages.php?lang=pt&db=projetoweb&token=4f024a31bab9e3a523febf68e0fdcb82 HTTP/1.1" 200 18103
::1 - - [29/Sep/2019:18:36:48 -0300] "GET /phpmyadmin/index.php?db=projetoweb&table=usuario&server=1&target=sql.php&token=0eb426110a4d56ce1ec9afa84c84d08c HTTP/1.1" 200 8143
::1 - - [29/Sep/2019:18:36:48 -0300] "GET /phpmyadmin/phpmyadmin.css.php?server=1&token=971c2f28027ba558d37ea41b40f1c3f0&nocache=4125195912ltr HTTP/1.1" 200 88608
::1 - - [29/Sep/2019:18:36:48 -0300] "GET /phpmyadmin/js/messages.php?lang=pt&db=projetoweb&token=536f48fa6b6254e30912cb7cfd569712 HTTP/1.1" 200 18103
::1 - - [29/Sep/2019:18:36:57 -0300] "POST /phpmyadmin/index.php HTTP/1.1" 302 -
::1 - - [29/Sep/2019:18:36:57 -0300] "GET /phpmyadmin/index.php?db=projetoweb&table=usuario&target=sql.php&token=971c2f28027ba558d37ea41b40f1c3f0 HTTP/1.1" 200 39445
::1 - - [29/Sep/2019:18:36:58 -0300] "GET /phpmyadmin/phpmyadmin.css.php?server=1&token=971c2f28027ba558d37ea41b40f1c3f0&nocache=5694988930ltr HTTP/1.1" 200 88608
::1 - - [29/Sep/2019:18:36:58 -0300] "GET /phpmyadmin/js/messages.php?lang=pt&db=projetoweb&server=0&token=971c2f28027ba558d37ea41b40f1c3f0 HTTP/1.1" 200 18103
::1 - - [29/Sep/2019:18:36:59 -0300] "GET /phpmyadmin/index.php?ajax_request=1&recent_table=1&token=971c2f28027ba558d37ea41b40f1c3f0 HTTP/1.1" 200 221
::1 - - [29/Sep/2019:18:37:08 -0300] "GET /phpmyadmin/tbl_sql.php?db=projetoweb&table=usuario&token=971c2f28027ba558d37ea41b40f1c3f0&ajax_request=true&ajax_page_request=true&menuHashes=c2d0ddd2&_nocache=1569793028856252389 HTTP/1.1" 200 8465
::1 - - [29/Sep/2019:18:37:10 -0300] "GET /phpmyadmin/index.php?ajax_request=1&recent_table=1&token=971c2f28027ba558d37ea41b40f1c3f0 HTTP/1.1" 200 221
::1 - - [29/Sep/2019:18:37:22 -0300] "POST /phpmyadmin/import.php HTTP/1.1" 200 1749
::1 - - [29/Sep/2019:18:37:34 -0300] "GET /phpmyadmin/db_structure.php?server=1&db=projetoweb&token=971c2f28027ba558d37ea41b40f1c3f0&ajax_request=true&ajax_page_request=true&menuHashes=c2d0ddd2-25b8a339&_nocache=1569793054932738281 HTTP/1.1" 200 12980
::1 - - [29/Sep/2019:18:37:35 -0300] "GET /phpmyadmin/js/get_scripts.js.php?scripts[]=db_structure.js HTTP/1.1" 200 5367
::1 - - [29/Sep/2019:18:37:37 -0300] "GET /phpmyadmin/sql.php?db=projetoweb&token=971c2f28027ba558d37ea41b40f1c3f0&goto=db_structure.php&table=usuario&pos=0&ajax_request=true&ajax_page_request=true&menuHashes=c2d0ddd2-25b8a339-d652f2a4&_nocache=1569793057663424180 HTTP/1.1" 200 20608
::1 - - [29/Sep/2019:18:37:37 -0300] "GET /phpmyadmin/index.php?ajax_request=1&recent_table=1&token=971c2f28027ba558d37ea41b40f1c3f0 HTTP/1.1" 200 221
::1 - - [29/Sep/2019:18:38:04 -0300] "GET /phpmyadmin/index.php?db=projetoweb&table=usuario&target=sql.php&token=971c2f28027ba558d37ea41b40f1c3f0 HTTP/1.1" 200 28451
::1 - - [29/Sep/2019:18:38:05 -0300] "GET /phpmyadmin/sql.php?db=projetoweb&table=usuario&server=1&target=&token=971c2f28027ba558d37ea41b40f1c3f0 HTTP/1.1" 200 28419
::1 - - [29/Sep/2019:18:38:05 -0300] "GET /phpmyadmin/js/messages.php?lang=pt&db=projetoweb&token=971c2f28027ba558d37ea41b40f1c3f0 HTTP/1.1" 200 18103
::1 - - [29/Sep/2019:18:38:06 -0300] "GET /phpmyadmin/index.php?ajax_request=1&recent_table=1&token=971c2f28027ba558d37ea41b40f1c3f0 HTTP/1.1" 200 221
::1 - - [29/Sep/2019:18:38:28 -0300] "GET /phpmyadmin/sql.php?db=projetoweb&table=usuario&server=1&target=&token=971c2f28027ba558d37ea41b40f1c3f0 HTTP/1.1" 200 28419
::1 - - [29/Sep/2019:18:38:28 -0300] "GET /phpmyadmin/sql.php?db=projetoweb&table=usuario&server=1&target=&token=971c2f28027ba558d37ea41b40f1c3f0 HTTP/1.1" 200 28419
::1 - - [29/Sep/2019:18:38:29 -0300] "GET /phpmyadmin/index.php?ajax_request=1&recent_table=1&token=971c2f28027ba558d37ea41b40f1c3f0 HTTP/1.1" 200 221
