2016-08-01 19:05:36 4312 [Note] Plugin 'FEDERATED' is disabled.
2016-08-01 19:05:36 4312 [Note] InnoDB: The InnoDB memory heap is disabled
2016-08-01 19:05:36 4312 [Note] InnoDB: Mutexes and rw_locks use Windows interlocked functions
2016-08-01 19:05:36 4312 [Note] InnoDB: Compressed tables use zlib 1.2.3
2016-08-01 19:05:36 4312 [Note] InnoDB: Not using CPU crc32 instructions
2016-08-01 19:05:36 4312 [Note] InnoDB: Initializing buffer pool, size = 128.0M
2016-08-01 19:05:36 4312 [Note] InnoDB: Completed initialization of buffer pool
2016-08-01 19:05:36 4312 [Note] InnoDB: Setting log file C:\Users\Lab\Desktop\mysql\data\ib_logfile101 size to 5 MB
2016-08-01 19:05:36 4312 [Note] InnoDB: Setting log file C:\Users\Lab\Desktop\mysql\data\ib_logfile1 size to 5 MB
2016-08-01 19:05:36 4312 [Note] InnoDB: Renaming log file C:\Users\Lab\Desktop\mysql\data\ib_logfile101 to C:\Users\Lab\Desktop\mysql\data\ib_logfile0
2016-08-01 19:05:36 4312 [Warning] InnoDB: New log files created, LSN=1626134
2016-08-01 19:05:36 4312 [Note] InnoDB: Highest supported file format is Barracuda.
2016-08-01 19:05:37 4312 [Note] InnoDB: 128 rollback segment(s) are active.
2016-08-01 19:05:37 4312 [Note] InnoDB: Waiting for purge to start
2016-08-01 19:05:37 4312 [Note] InnoDB: 5.6.13 started; log sequence number 1626636
2016-08-01 19:05:37 4312 [Warning] No existing UUID has been found, so we assume that this is the first time that this server has been started. Generating a new UUID: 1414ea63-5834-11e6-9204-00248cfaa80b.
2016-08-01 19:05:38 4312 [Note] Server hostname (bind-address): '*'; port: 3307
2016-08-01 19:05:38 4312 [Note] IPv6 is available.
2016-08-01 19:05:38 4312 [Note]   - '::' resolves to '::';
2016-08-01 19:05:38 4312 [Note] Server socket created on IP: '::'.
2016-08-01 19:05:38 4312 [Note] Event Scheduler: Loaded 0 events
2016-08-01 19:05:38 4312 [Note] C:\Users\Lab\Desktop/mysql/bin/mysqld_usbwv8.exe: ready for connections.
Version: '5.6.13'  socket: ''  port: 3307  MySQL Community Server (GPL)
2016-08-08 19:08:10 1960 [Note] Plugin 'FEDERATED' is disabled.
2016-08-08 19:08:10 1960 [Note] InnoDB: The InnoDB memory heap is disabled
2016-08-08 19:08:10 1960 [Note] InnoDB: Mutexes and rw_locks use Windows interlocked functions
2016-08-08 19:08:10 1960 [Note] InnoDB: Compressed tables use zlib 1.2.3
2016-08-08 19:08:10 1960 [Note] InnoDB: Not using CPU crc32 instructions
2016-08-08 19:08:10 1960 [Note] InnoDB: Initializing buffer pool, size = 128.0M
2016-08-08 19:08:10 1960 [Note] InnoDB: Completed initialization of buffer pool
2016-08-08 19:08:10 1960 [Note] InnoDB: Highest supported file format is Barracuda.
2016-08-08 19:08:10 1960 [Note] InnoDB: The log sequence numbers 1626134 and 1626134 in ibdata files do not match the log sequence number 1626646 in the ib_logfiles!
2016-08-08 19:08:10 1960 [Note] InnoDB: Database was not shutdown normally!
2016-08-08 19:08:10 1960 [Note] InnoDB: Starting crash recovery.
2016-08-08 19:08:10 1960 [Note] InnoDB: Reading tablespace information from the .ibd files...
2016-08-08 19:08:10 1960 [Note] InnoDB: Restoring possible half-written data pages 
2016-08-08 19:08:10 1960 [Note] InnoDB: from the doublewrite buffer...
2016-08-08 19:08:11 1960 [Note] InnoDB: 128 rollback segment(s) are active.
2016-08-08 19:08:11 1960 [Note] InnoDB: Waiting for purge to start
2016-08-08 19:08:11 1960 [Note] InnoDB: 5.6.13 started; log sequence number 1626646
2016-08-08 19:08:11 1960 [Note] Server hostname (bind-address): '*'; port: 3307
2016-08-08 19:08:11 1960 [Note] IPv6 is available.
2016-08-08 19:08:11 1960 [Note]   - '::' resolves to '::';
2016-08-08 19:08:11 1960 [Note] Server socket created on IP: '::'.
2016-08-08 19:08:13 1960 [Note] Event Scheduler: Loaded 0 events
2016-08-08 19:08:13 1960 [Note] J:\2º Semestre\TPINT 2\Usb Web Server/mysql/bin/mysqld_usbwv8.exe: ready for connections.
Version: '5.6.13'  socket: ''  port: 3307  MySQL Community Server (GPL)
2016-08-08 19:12:12 2920 [Note] Plugin 'FEDERATED' is disabled.
2016-08-08 19:12:12 2920 [Note] InnoDB: The InnoDB memory heap is disabled
2016-08-08 19:12:12 2920 [Note] InnoDB: Mutexes and rw_locks use Windows interlocked functions
2016-08-08 19:12:12 2920 [Note] InnoDB: Compressed tables use zlib 1.2.3
2016-08-08 19:12:12 2920 [Note] InnoDB: Not using CPU crc32 instructions
2016-08-08 19:12:12 2920 [Note] InnoDB: Initializing buffer pool, size = 128.0M
2016-08-08 19:12:12 2920 [Note] InnoDB: Completed initialization of buffer pool
2016-08-08 19:12:12 2920 [ERROR] InnoDB: J:\2º Semestre\TPINT 2\Usb Web Server\mysql\data\ibdata1 can't be opened in read-write mode
2016-08-08 19:12:12 2920 [ERROR] InnoDB: The system tablespace must be writable!
2016-08-08 19:12:12 2920 [ERROR] Plugin 'InnoDB' init function returned error.
2016-08-08 19:12:12 2920 [ERROR] Plugin 'InnoDB' registration as a STORAGE ENGINE failed.
2016-08-08 19:12:12 2920 [ERROR] Unknown/unsupported storage engine: InnoDB
2016-08-08 19:12:12 2920 [ERROR] Aborting

2016-08-08 19:12:12 2920 [Note] Binlog end
2016-08-08 19:12:12 2920 [Note] Shutting down plugin 'partition'
2016-08-08 19:12:12 2920 [Note] Shutting down plugin 'PERFORMANCE_SCHEMA'
2016-08-08 19:12:12 2920 [Note] Shutting down plugin 'INNODB_SYS_DATAFILES'
2016-08-08 19:12:12 2920 [Note] Shutting down plugin 'INNODB_SYS_TABLESPACES'
2016-08-08 19:12:12 2920 [Note] Shutting down plugin 'INNODB_SYS_FOREIGN_COLS'
2016-08-08 19:12:12 2920 [Note] Shutting down plugin 'INNODB_SYS_FOREIGN'
2016-08-08 19:12:12 2920 [Note] Shutting down plugin 'INNODB_SYS_FIELDS'
2016-08-08 19:12:12 2920 [Note] Shutting down plugin 'INNODB_SYS_COLUMNS'
2016-08-08 19:12:12 2920 [Note] Shutting down plugin 'INNODB_SYS_INDEXES'
2016-08-08 19:12:12 2920 [Note] Shutting down plugin 'INNODB_SYS_TABLESTATS'
2016-08-08 19:12:12 2920 [Note] Shutting down plugin 'INNODB_SYS_TABLES'
2016-08-08 19:12:12 2920 [Note] Shutting down plugin 'INNODB_FT_INDEX_TABLE'
2016-08-08 19:12:12 2920 [Note] Shutting down plugin 'INNODB_FT_INDEX_CACHE'
2016-08-08 19:12:12 2920 [Note] Shutting down plugin 'INNODB_FT_CONFIG'
2016-08-08 19:12:12 2920 [Note] Shutting down plugin 'INNODB_FT_BEING_DELETED'
2016-08-08 19:12:12 2920 [Note] Shutting down plugin 'INNODB_FT_DELETED'
2016-08-08 19:12:12 2920 [Note] Shutting down plugin 'INNODB_FT_DEFAULT_STOPWORD'
2016-08-08 19:12:12 2920 [Note] Shutting down plugin 'INNODB_METRICS'
2016-08-08 19:12:12 2920 [Note] Shutting down plugin 'INNODB_BUFFER_POOL_STATS'
2016-08-08 19:12:12 2920 [Note] Shutting down plugin 'INNODB_BUFFER_PAGE_LRU'
2016-08-08 19:12:12 2920 [Note] Shutting down plugin 'INNODB_BUFFER_PAGE'
2016-08-08 19:12:12 2920 [Note] Shutting down plugin 'INNODB_CMP_PER_INDEX_RESET'
2016-08-08 19:12:12 2920 [Note] Shutting down plugin 'INNODB_CMP_PER_INDEX'
2016-08-08 19:12:12 2920 [Note] Shutting down plugin 'INNODB_CMPMEM_RESET'
2016-08-08 19:12:12 2920 [Note] Shutting down plugin 'INNODB_CMPMEM'
2016-08-08 19:12:12 2920 [Note] Shutting down plugin 'INNODB_CMP_RESET'
2016-08-08 19:12:12 2920 [Note] Shutting down plugin 'INNODB_CMP'
2016-08-08 19:12:12 2920 [Note] Shutting down plugin 'INNODB_LOCK_WAITS'
2016-08-08 19:12:12 2920 [Note] Shutting down plugin 'INNODB_LOCKS'
2016-08-08 19:12:12 2920 [Note] Shutting down plugin 'INNODB_TRX'
2016-08-08 19:12:12 2920 [Note] Shutting down plugin 'BLACKHOLE'
2016-08-08 19:12:12 2920 [Note] Shutting down plugin 'ARCHIVE'
2016-08-08 19:12:12 2920 [Note] Shutting down plugin 'MRG_MYISAM'
2016-08-08 19:12:12 2920 [Note] Shutting down plugin 'MyISAM'
2016-08-08 19:12:12 2920 [Note] Shutting down plugin 'MEMORY'
2016-08-08 19:12:12 2920 [Note] Shutting down plugin 'CSV'
2016-08-08 19:12:12 2920 [Note] Shutting down plugin 'sha256_password'
2016-08-08 19:12:12 2920 [Note] Shutting down plugin 'mysql_old_password'
2016-08-08 19:12:12 2920 [Note] Shutting down plugin 'mysql_native_password'
2016-08-08 19:12:12 2920 [Note] Shutting down plugin 'binlog'
2016-08-08 19:12:12 2920 [Note] J:\2º Semestre\TPINT 2\Usb Web Server/mysql/bin/mysqld_usbwv8.exe: Shutdown complete

2016-08-08 19:14:22 5096 [Note] Plugin 'FEDERATED' is disabled.
2016-08-08 19:14:22 5096 [Note] InnoDB: The InnoDB memory heap is disabled
2016-08-08 19:14:22 5096 [Note] InnoDB: Mutexes and rw_locks use Windows interlocked functions
2016-08-08 19:14:22 5096 [Note] InnoDB: Compressed tables use zlib 1.2.3
2016-08-08 19:14:22 5096 [Note] InnoDB: Not using CPU crc32 instructions
2016-08-08 19:14:22 5096 [Note] InnoDB: Initializing buffer pool, size = 128.0M
2016-08-08 19:14:22 5096 [Note] InnoDB: Completed initialization of buffer pool
2016-08-08 19:14:23 5096 [Note] InnoDB: Highest supported file format is Barracuda.
2016-08-08 19:14:23 5096 [Note] InnoDB: The log sequence numbers 1626134 and 1626134 in ibdata files do not match the log sequence number 1626656 in the ib_logfiles!
2016-08-08 19:14:23 5096 [Note] InnoDB: Database was not shutdown normally!
2016-08-08 19:14:23 5096 [Note] InnoDB: Starting crash recovery.
2016-08-08 19:14:23 5096 [Note] InnoDB: Reading tablespace information from the .ibd files...
2016-08-08 19:14:23 5096 [Note] InnoDB: Restoring possible half-written data pages 
2016-08-08 19:14:23 5096 [Note] InnoDB: from the doublewrite buffer...
2016-08-08 19:14:23 5096 [Note] InnoDB: 128 rollback segment(s) are active.
2016-08-08 19:14:23 5096 [Note] InnoDB: Waiting for purge to start
2016-08-08 19:14:23 5096 [Note] InnoDB: 5.6.13 started; log sequence number 1626656
2016-08-08 19:14:23 5096 [Note] Server hostname (bind-address): '*'; port: 3307
2016-08-08 19:14:23 5096 [Note] IPv6 is available.
2016-08-08 19:14:23 5096 [Note]   - '::' resolves to '::';
2016-08-08 19:14:23 5096 [Note] Server socket created on IP: '::'.
2016-08-08 19:14:24 5096 [Note] Event Scheduler: Loaded 0 events
2016-08-08 19:14:24 5096 [Note] J:\2º Semestre\TPINT 2\Usb Web Server/mysql/bin/mysqld_usbwv8.exe: ready for connections.
Version: '5.6.13'  socket: ''  port: 3307  MySQL Community Server (GPL)
