2016-08-26 23:12:36 3852 [Note] Plugin 'FEDERATED' is disabled.
2016-08-26 23:12:37 3852 [Note] InnoDB: The InnoDB memory heap is disabled
2016-08-26 23:12:37 3852 [Note] InnoDB: Mutexes and rw_locks use Windows interlocked functions
2016-08-26 23:12:37 3852 [Note] InnoDB: Compressed tables use zlib 1.2.3
2016-08-26 23:12:37 3852 [Note] InnoDB: Not using CPU crc32 instructions
2016-08-26 23:12:37 3852 [Note] InnoDB: Initializing buffer pool, size = 128.0M
2016-08-26 23:12:38 3852 [Note] InnoDB: Completed initialization of buffer pool
2016-08-26 23:12:38 3852 [Note] InnoDB: Highest supported file format is Barracuda.
2016-08-26 23:12:38 3852 [Note] InnoDB: The log sequence numbers 1626134 and 1626134 in ibdata files do not match the log sequence number 1626666 in the ib_logfiles!
2016-08-26 23:12:38 3852 [Note] InnoDB: Database was not shutdown normally!
2016-08-26 23:12:38 3852 [Note] InnoDB: Starting crash recovery.
2016-08-26 23:12:38 3852 [Note] InnoDB: Reading tablespace information from the .ibd files...
2016-08-26 23:12:39 3852 [Note] InnoDB: Restoring possible half-written data pages 
2016-08-26 23:12:39 3852 [Note] InnoDB: from the doublewrite buffer...
2016-08-26 23:12:42 3852 [Note] InnoDB: 128 rollback segment(s) are active.
2016-08-26 23:12:42 3852 [Note] InnoDB: Waiting for purge to start
2016-08-26 23:12:42 3852 [Note] InnoDB: 5.6.13 started; log sequence number 1626666
2016-08-26 23:12:42 3852 [Note] Server hostname (bind-address): '*'; port: 3307
2016-08-26 23:12:42 3852 [Note] IPv6 is available.
2016-08-26 23:12:42 3852 [Note]   - '::' resolves to '::';
2016-08-26 23:12:42 3852 [Note] Server socket created on IP: '::'.
2016-08-26 23:22:30 6492 [Note] Plugin 'FEDERATED' is disabled.
2016-08-26 23:22:30 6492 [Note] InnoDB: The InnoDB memory heap is disabled
2016-08-26 23:22:30 6492 [Note] InnoDB: Mutexes and rw_locks use Windows interlocked functions
2016-08-26 23:22:30 6492 [Note] InnoDB: Compressed tables use zlib 1.2.3
2016-08-26 23:22:30 6492 [Note] InnoDB: Not using CPU crc32 instructions
2016-08-26 23:22:30 6492 [Note] InnoDB: Initializing buffer pool, size = 128.0M
2016-08-26 23:22:30 6492 [Note] InnoDB: Completed initialization of buffer pool
2016-08-26 23:22:30 6492 [Note] InnoDB: Highest supported file format is Barracuda.
2016-08-26 23:22:30 6492 [Note] InnoDB: The log sequence numbers 1626134 and 1626134 in ibdata files do not match the log sequence number 1626676 in the ib_logfiles!
2016-08-26 23:22:30 6492 [Note] InnoDB: Database was not shutdown normally!
2016-08-26 23:22:30 6492 [Note] InnoDB: Starting crash recovery.
2016-08-26 23:22:30 6492 [Note] InnoDB: Reading tablespace information from the .ibd files...
2016-08-26 23:22:31 6492 [Note] InnoDB: Restoring possible half-written data pages 
2016-08-26 23:22:31 6492 [Note] InnoDB: from the doublewrite buffer...
2016-08-26 23:22:33 6492 [Note] InnoDB: 128 rollback segment(s) are active.
2016-08-26 23:22:33 6492 [Note] InnoDB: Waiting for purge to start
2016-08-26 23:22:33 6492 [Note] InnoDB: 5.6.13 started; log sequence number 1626676
2016-08-26 23:22:33 6492 [Note] Server hostname (bind-address): '*'; port: 3307
2016-08-26 23:22:33 6492 [Note] IPv6 is available.
2016-08-26 23:22:33 6492 [Note]   - '::' resolves to '::';
2016-08-26 23:22:33 6492 [Note] Server socket created on IP: '::'.
2016-08-27 18:41:31 2000 [Note] Plugin 'FEDERATED' is disabled.
2016-08-27 18:41:31 2000 [Note] InnoDB: The InnoDB memory heap is disabled
2016-08-27 18:41:31 2000 [Note] InnoDB: Mutexes and rw_locks use Windows interlocked functions
2016-08-27 18:41:31 2000 [Note] InnoDB: Compressed tables use zlib 1.2.3
2016-08-27 18:41:31 2000 [Note] InnoDB: Not using CPU crc32 instructions
2016-08-27 18:41:31 2000 [Note] InnoDB: Initializing buffer pool, size = 128.0M
2016-08-27 18:41:31 2000 [Note] InnoDB: Completed initialization of buffer pool
2016-08-27 18:41:31 2000 [Note] InnoDB: Highest supported file format is Barracuda.
2016-08-27 18:41:31 2000 [Note] InnoDB: The log sequence numbers 1626134 and 1626134 in ibdata files do not match the log sequence number 1626686 in the ib_logfiles!
2016-08-27 18:41:31 2000 [Note] InnoDB: Database was not shutdown normally!
2016-08-27 18:41:31 2000 [Note] InnoDB: Starting crash recovery.
2016-08-27 18:41:31 2000 [Note] InnoDB: Reading tablespace information from the .ibd files...
2016-08-27 18:41:31 2000 [Note] InnoDB: Restoring possible half-written data pages 
2016-08-27 18:41:31 2000 [Note] InnoDB: from the doublewrite buffer...
2016-08-27 18:41:33 2000 [Note] InnoDB: 128 rollback segment(s) are active.
2016-08-27 18:41:33 2000 [Note] InnoDB: Waiting for purge to start
2016-08-27 18:41:33 2000 [Note] InnoDB: 5.6.13 started; log sequence number 1626686
2016-08-27 18:41:33 2000 [Note] Server hostname (bind-address): '*'; port: 3307
2016-08-27 18:41:33 2000 [Note] IPv6 is available.
2016-08-27 18:41:33 2000 [Note]   - '::' resolves to '::';
2016-08-27 18:41:33 2000 [Note] Server socket created on IP: '::'.
2016-08-28 13:22:04 4736 [Note] Plugin 'FEDERATED' is disabled.
2016-08-28 13:22:04 4736 [Note] InnoDB: The InnoDB memory heap is disabled
2016-08-28 13:22:04 4736 [Note] InnoDB: Mutexes and rw_locks use Windows interlocked functions
2016-08-28 13:22:04 4736 [Note] InnoDB: Compressed tables use zlib 1.2.3
2016-08-28 13:22:04 4736 [Note] InnoDB: Not using CPU crc32 instructions
2016-08-28 13:22:04 4736 [Note] InnoDB: Initializing buffer pool, size = 128.0M
2016-08-28 13:22:04 4736 [Note] InnoDB: Completed initialization of buffer pool
2016-08-28 13:22:04 4736 [Note] InnoDB: Highest supported file format is Barracuda.
2016-08-28 13:22:04 4736 [Note] InnoDB: The log sequence numbers 1626134 and 1626134 in ibdata files do not match the log sequence number 1626696 in the ib_logfiles!
2016-08-28 13:22:04 4736 [Note] InnoDB: Database was not shutdown normally!
2016-08-28 13:22:04 4736 [Note] InnoDB: Starting crash recovery.
2016-08-28 13:22:04 4736 [Note] InnoDB: Reading tablespace information from the .ibd files...
2016-08-28 13:22:05 4736 [Note] InnoDB: Restoring possible half-written data pages 
2016-08-28 13:22:05 4736 [Note] InnoDB: from the doublewrite buffer...
2016-08-28 13:22:05 4736 [Note] InnoDB: 128 rollback segment(s) are active.
2016-08-28 13:22:05 4736 [Note] InnoDB: Waiting for purge to start
2016-08-28 13:22:05 4736 [Note] InnoDB: 5.6.13 started; log sequence number 1626696
2016-08-28 13:22:05 4736 [Note] Server hostname (bind-address): '*'; port: 3307
2016-08-28 13:22:05 4736 [Note] IPv6 is available.
2016-08-28 13:22:05 4736 [Note]   - '::' resolves to '::';
2016-08-28 13:22:05 4736 [Note] Server socket created on IP: '::'.
2016-08-28 20:59:57 6244 [Note] Plugin 'FEDERATED' is disabled.
2016-08-28 20:59:57 6244 [Note] InnoDB: The InnoDB memory heap is disabled
2016-08-28 20:59:57 6244 [Note] InnoDB: Mutexes and rw_locks use Windows interlocked functions
2016-08-28 20:59:57 6244 [Note] InnoDB: Compressed tables use zlib 1.2.3
2016-08-28 20:59:57 6244 [Note] InnoDB: Not using CPU crc32 instructions
2016-08-28 20:59:57 6244 [Note] InnoDB: Initializing buffer pool, size = 128.0M
2016-08-28 20:59:57 6244 [Note] InnoDB: Completed initialization of buffer pool
2016-08-28 20:59:58 6244 [Note] InnoDB: Highest supported file format is Barracuda.
2016-08-28 20:59:58 6244 [Note] InnoDB: The log sequence numbers 1626134 and 1626134 in ibdata files do not match the log sequence number 1626706 in the ib_logfiles!
2016-08-28 20:59:58 6244 [Note] InnoDB: Database was not shutdown normally!
2016-08-28 20:59:58 6244 [Note] InnoDB: Starting crash recovery.
2016-08-28 20:59:58 6244 [Note] InnoDB: Reading tablespace information from the .ibd files...
2016-08-28 20:59:59 6244 [Note] InnoDB: Restoring possible half-written data pages 
2016-08-28 20:59:59 6244 [Note] InnoDB: from the doublewrite buffer...
2016-08-28 21:00:00 6244 [Note] InnoDB: 128 rollback segment(s) are active.
2016-08-28 21:00:00 6244 [Note] InnoDB: Waiting for purge to start
2016-08-28 21:00:00 6244 [Note] InnoDB: 5.6.13 started; log sequence number 1626706
2016-08-28 21:00:00 6244 [Note] Server hostname (bind-address): '*'; port: 3307
2016-08-28 21:00:00 6244 [Note] IPv6 is available.
2016-08-28 21:00:00 6244 [Note]   - '::' resolves to '::';
2016-08-28 21:00:00 6244 [Note] Server socket created on IP: '::'.
2016-08-29 11:29:03 6092 [Note] Plugin 'FEDERATED' is disabled.
2016-08-29 11:29:03 6092 [Note] InnoDB: The InnoDB memory heap is disabled
2016-08-29 11:29:03 6092 [Note] InnoDB: Mutexes and rw_locks use Windows interlocked functions
2016-08-29 11:29:04 6092 [Note] InnoDB: Compressed tables use zlib 1.2.3
2016-08-29 11:29:04 6092 [Note] InnoDB: Not using CPU crc32 instructions
2016-08-29 11:29:04 6092 [Note] InnoDB: Initializing buffer pool, size = 128.0M
2016-08-29 11:29:04 6092 [Note] InnoDB: Completed initialization of buffer pool
2016-08-29 11:29:05 6092 [Note] InnoDB: Highest supported file format is Barracuda.
2016-08-29 11:29:05 6092 [Note] InnoDB: The log sequence numbers 1626134 and 1626134 in ibdata files do not match the log sequence number 1626716 in the ib_logfiles!
2016-08-29 11:29:05 6092 [Note] InnoDB: Database was not shutdown normally!
2016-08-29 11:29:05 6092 [Note] InnoDB: Starting crash recovery.
2016-08-29 11:29:05 6092 [Note] InnoDB: Reading tablespace information from the .ibd files...
2016-08-29 11:29:06 6092 [Note] InnoDB: Restoring possible half-written data pages 
2016-08-29 11:29:06 6092 [Note] InnoDB: from the doublewrite buffer...
2016-08-29 11:29:07 6092 [Note] InnoDB: 128 rollback segment(s) are active.
2016-08-29 11:29:07 6092 [Note] InnoDB: Waiting for purge to start
2016-08-29 11:29:07 6092 [Note] InnoDB: 5.6.13 started; log sequence number 1626716
2016-08-29 11:29:07 6092 [Note] Server hostname (bind-address): '*'; port: 3307
2016-08-29 11:29:07 6092 [Note] IPv6 is available.
2016-08-29 11:29:07 6092 [Note]   - '::' resolves to '::';
2016-08-29 11:29:07 6092 [Note] Server socket created on IP: '::'.
2016-08-29 17:12:49 3516 [Note] Plugin 'FEDERATED' is disabled.
2016-08-29 17:12:49 3516 [Note] InnoDB: The InnoDB memory heap is disabled
2016-08-29 17:12:49 3516 [Note] InnoDB: Mutexes and rw_locks use Windows interlocked functions
2016-08-29 17:12:49 3516 [Note] InnoDB: Compressed tables use zlib 1.2.3
2016-08-29 17:12:49 3516 [Note] InnoDB: Not using CPU crc32 instructions
2016-08-29 17:12:49 3516 [Note] InnoDB: Initializing buffer pool, size = 128.0M
2016-08-29 17:12:49 3516 [Note] InnoDB: Completed initialization of buffer pool
2016-08-29 17:12:56 3516 [Note] InnoDB: Highest supported file format is Barracuda.
2016-08-29 17:12:56 3516 [Note] InnoDB: The log sequence numbers 1626134 and 1626134 in ibdata files do not match the log sequence number 1626726 in the ib_logfiles!
2016-08-29 17:12:56 3516 [Note] InnoDB: Database was not shutdown normally!
2016-08-29 17:12:56 3516 [Note] InnoDB: Starting crash recovery.
2016-08-29 17:12:56 3516 [Note] InnoDB: Reading tablespace information from the .ibd files...
2016-08-29 17:12:57 3516 [Note] InnoDB: Restoring possible half-written data pages 
2016-08-29 17:12:57 3516 [Note] InnoDB: from the doublewrite buffer...
2016-08-29 17:13:06 3516 [Note] InnoDB: 128 rollback segment(s) are active.
2016-08-29 17:13:07 3516 [Note] InnoDB: Waiting for purge to start
2016-08-29 17:13:07 3516 [Note] InnoDB: 5.6.13 started; log sequence number 1626726
2016-08-29 17:13:07 3516 [Note] Server hostname (bind-address): '*'; port: 3307
2016-08-29 17:13:07 3516 [Note] IPv6 is available.
2016-08-29 17:13:07 3516 [Note]   - '::' resolves to '::';
2016-08-29 17:13:07 3516 [Note] Server socket created on IP: '::'.
2016-08-29 17:14:35 8816 [Note] Plugin 'FEDERATED' is disabled.
2016-08-29 17:14:35 8816 [Note] InnoDB: The InnoDB memory heap is disabled
2016-08-29 17:14:35 8816 [Note] InnoDB: Mutexes and rw_locks use Windows interlocked functions
2016-08-29 17:14:35 8816 [Note] InnoDB: Compressed tables use zlib 1.2.3
2016-08-29 17:14:35 8816 [Note] InnoDB: Not using CPU crc32 instructions
2016-08-29 17:14:35 8816 [Note] InnoDB: Initializing buffer pool, size = 128.0M
2016-08-29 17:14:35 8816 [Note] InnoDB: Completed initialization of buffer pool
2016-08-29 17:14:36 8816 [Note] InnoDB: Highest supported file format is Barracuda.
2016-08-29 17:14:36 8816 [Note] InnoDB: The log sequence numbers 1626134 and 1626134 in ibdata files do not match the log sequence number 1626736 in the ib_logfiles!
2016-08-29 17:14:36 8816 [Note] InnoDB: Database was not shutdown normally!
2016-08-29 17:14:36 8816 [Note] InnoDB: Starting crash recovery.
2016-08-29 17:14:36 8816 [Note] InnoDB: Reading tablespace information from the .ibd files...
2016-08-29 17:14:36 8816 [Note] InnoDB: Restoring possible half-written data pages 
2016-08-29 17:14:36 8816 [Note] InnoDB: from the doublewrite buffer...
2016-08-29 17:14:37 8816 [Note] InnoDB: 128 rollback segment(s) are active.
2016-08-29 17:14:37 8816 [Note] InnoDB: Waiting for purge to start
2016-08-29 17:14:37 8816 [Note] InnoDB: 5.6.13 started; log sequence number 1626736
2016-08-29 17:14:37 8816 [Note] Server hostname (bind-address): '*'; port: 3307
2016-08-29 17:14:37 8816 [Note] IPv6 is available.
2016-08-29 17:14:37 8816 [Note]   - '::' resolves to '::';
2016-08-29 17:14:37 8816 [Note] Server socket created on IP: '::'.
2016-08-29 17:15:40 11780 [Note] Plugin 'FEDERATED' is disabled.
2016-08-29 17:15:40 11780 [Note] InnoDB: The InnoDB memory heap is disabled
2016-08-29 17:15:40 11780 [Note] InnoDB: Mutexes and rw_locks use Windows interlocked functions
2016-08-29 17:15:40 11780 [Note] InnoDB: Compressed tables use zlib 1.2.3
2016-08-29 17:15:40 11780 [Note] InnoDB: Not using CPU crc32 instructions
2016-08-29 17:15:40 11780 [Note] InnoDB: Initializing buffer pool, size = 128.0M
2016-08-29 17:15:40 11780 [Note] InnoDB: Completed initialization of buffer pool
2016-08-29 17:16:17 11780 [Note] InnoDB: Highest supported file format is Barracuda.
2016-08-29 17:16:17 11780 [Note] InnoDB: The log sequence numbers 1626134 and 1626134 in ibdata files do not match the log sequence number 1626746 in the ib_logfiles!
2016-08-29 17:16:17 11780 [Note] InnoDB: Database was not shutdown normally!
2016-08-29 17:16:17 11780 [Note] InnoDB: Starting crash recovery.
2016-08-29 17:16:17 11780 [Note] InnoDB: Reading tablespace information from the .ibd files...
2016-08-29 17:16:58 11780 [Note] InnoDB: Restoring possible half-written data pages 
2016-08-29 17:16:58 11780 [Note] InnoDB: from the doublewrite buffer...
2016-08-29 17:17:03 11780 [Note] InnoDB: 128 rollback segment(s) are active.
2016-08-29 17:17:03 11780 [Note] InnoDB: Waiting for purge to start
2016-08-29 17:17:03 11780 [Note] InnoDB: 5.6.13 started; log sequence number 1626746
2016-08-29 17:17:03 11780 [Note] Server hostname (bind-address): '*'; port: 3307
2016-08-29 17:17:03 11780 [Note] IPv6 is available.
2016-08-29 17:17:03 11780 [Note]   - '::' resolves to '::';
2016-08-29 17:17:03 11780 [Note] Server socket created on IP: '::'.
2016-10-07 13:39:30 11740 [Note] Plugin 'FEDERATED' is disabled.
2016-10-07 13:39:30 11740 [Note] InnoDB: The InnoDB memory heap is disabled
2016-10-07 13:39:30 11740 [Note] InnoDB: Mutexes and rw_locks use Windows interlocked functions
2016-10-07 13:39:30 11740 [Note] InnoDB: Compressed tables use zlib 1.2.3
2016-10-07 13:39:30 11740 [Note] InnoDB: Not using CPU crc32 instructions
2016-10-07 13:39:30 11740 [Note] InnoDB: Initializing buffer pool, size = 128.0M
2016-10-07 13:39:30 11740 [Note] InnoDB: Completed initialization of buffer pool
2016-10-07 13:39:30 11740 [Note] InnoDB: Highest supported file format is Barracuda.
2016-10-07 13:39:30 11740 [Note] InnoDB: The log sequence numbers 1626134 and 1626134 in ibdata files do not match the log sequence number 1626756 in the ib_logfiles!
2016-10-07 13:39:30 11740 [Note] InnoDB: Database was not shutdown normally!
2016-10-07 13:39:30 11740 [Note] InnoDB: Starting crash recovery.
2016-10-07 13:39:30 11740 [Note] InnoDB: Reading tablespace information from the .ibd files...
2016-10-07 13:39:30 11740 [Note] InnoDB: Restoring possible half-written data pages 
2016-10-07 13:39:30 11740 [Note] InnoDB: from the doublewrite buffer...
2016-10-07 13:39:31 11740 [Note] InnoDB: 128 rollback segment(s) are active.
2016-10-07 13:39:31 11740 [Note] InnoDB: Waiting for purge to start
2016-10-07 13:39:31 11740 [Note] InnoDB: 5.6.13 started; log sequence number 1626756
2016-10-07 13:39:31 11740 [Note] Server hostname (bind-address): '*'; port: 3307
2016-10-07 13:39:31 11740 [Note] IPv6 is available.
2016-10-07 13:39:31 11740 [Note]   - '::' resolves to '::';
2016-10-07 13:39:31 11740 [Note] Server socket created on IP: '::'.
2016-10-07 13:40:59 10916 [Note] Plugin 'FEDERATED' is disabled.
2016-10-07 13:40:59 10916 [Note] InnoDB: The InnoDB memory heap is disabled
2016-10-07 13:40:59 10916 [Note] InnoDB: Mutexes and rw_locks use Windows interlocked functions
2016-10-07 13:40:59 10916 [Note] InnoDB: Compressed tables use zlib 1.2.3
2016-10-07 13:40:59 10916 [Note] InnoDB: Not using CPU crc32 instructions
2016-10-07 13:40:59 10916 [Note] InnoDB: Initializing buffer pool, size = 128.0M
2016-10-07 13:40:59 10916 [Note] InnoDB: Completed initialization of buffer pool
2016-10-07 13:40:59 10916 [Note] InnoDB: Highest supported file format is Barracuda.
2016-10-07 13:40:59 10916 [Note] InnoDB: The log sequence numbers 1626134 and 1626134 in ibdata files do not match the log sequence number 1626766 in the ib_logfiles!
2016-10-07 13:40:59 10916 [Note] InnoDB: Database was not shutdown normally!
2016-10-07 13:40:59 10916 [Note] InnoDB: Starting crash recovery.
2016-10-07 13:40:59 10916 [Note] InnoDB: Reading tablespace information from the .ibd files...
2016-10-07 13:40:59 10916 [Note] InnoDB: Restoring possible half-written data pages 
2016-10-07 13:40:59 10916 [Note] InnoDB: from the doublewrite buffer...
2016-10-07 13:40:59 10916 [Note] InnoDB: 128 rollback segment(s) are active.
2016-10-07 13:40:59 10916 [Note] InnoDB: Waiting for purge to start
2016-10-07 13:40:59 10916 [Note] InnoDB: 5.6.13 started; log sequence number 1626766
2016-10-07 13:40:59 10916 [Note] Server hostname (bind-address): '*'; port: 3307
2016-10-07 13:40:59 10916 [Note] IPv6 is available.
2016-10-07 13:40:59 10916 [Note]   - '::' resolves to '::';
2016-10-07 13:40:59 10916 [Note] Server socket created on IP: '::'.
2016-10-07 14:18:22 6096 [Note] Plugin 'FEDERATED' is disabled.
2016-10-07 14:18:22 6096 [Note] InnoDB: The InnoDB memory heap is disabled
2016-10-07 14:18:22 6096 [Note] InnoDB: Mutexes and rw_locks use Windows interlocked functions
2016-10-07 14:18:22 6096 [Note] InnoDB: Compressed tables use zlib 1.2.3
2016-10-07 14:18:22 6096 [Note] InnoDB: Not using CPU crc32 instructions
2016-10-07 14:18:22 6096 [Note] InnoDB: Initializing buffer pool, size = 128.0M
2016-10-07 14:18:22 6096 [Note] InnoDB: Completed initialization of buffer pool
2016-10-07 14:18:22 6096 [Note] InnoDB: Highest supported file format is Barracuda.
2016-10-07 14:18:22 6096 [Note] InnoDB: The log sequence numbers 1626134 and 1626134 in ibdata files do not match the log sequence number 1696820 in the ib_logfiles!
2016-10-07 14:18:22 6096 [Note] InnoDB: Database was not shutdown normally!
2016-10-07 14:18:22 6096 [Note] InnoDB: Starting crash recovery.
2016-10-07 14:18:22 6096 [Note] InnoDB: Reading tablespace information from the .ibd files...
2016-10-07 14:18:22 6096 [Note] InnoDB: Restoring possible half-written data pages 
2016-10-07 14:18:22 6096 [Note] InnoDB: from the doublewrite buffer...
2016-10-07 14:18:23 6096 [Note] InnoDB: 128 rollback segment(s) are active.
2016-10-07 14:18:23 6096 [Note] InnoDB: Waiting for purge to start
2016-10-07 14:18:23 6096 [Note] InnoDB: 5.6.13 started; log sequence number 1696820
2016-10-07 14:18:23 6096 [Note] Server hostname (bind-address): '*'; port: 3307
2016-10-07 14:18:23 6096 [Note] IPv6 is available.
2016-10-07 14:18:23 6096 [Note]   - '::' resolves to '::';
2016-10-07 14:18:23 6096 [Note] Server socket created on IP: '::'.
2016-10-07 14:52:11 4888 [Note] Plugin 'FEDERATED' is disabled.
2016-10-07 14:52:11 4888 [Note] InnoDB: The InnoDB memory heap is disabled
2016-10-07 14:52:11 4888 [Note] InnoDB: Mutexes and rw_locks use Windows interlocked functions
2016-10-07 14:52:11 4888 [Note] InnoDB: Compressed tables use zlib 1.2.3
2016-10-07 14:52:11 4888 [Note] InnoDB: Not using CPU crc32 instructions
2016-10-07 14:52:11 4888 [Note] InnoDB: Initializing buffer pool, size = 128.0M
2016-10-07 14:52:11 4888 [Note] InnoDB: Completed initialization of buffer pool
2016-10-07 14:52:11 4888 [Note] InnoDB: Highest supported file format is Barracuda.
2016-10-07 14:52:11 4888 [Note] InnoDB: The log sequence numbers 1626134 and 1626134 in ibdata files do not match the log sequence number 1787152 in the ib_logfiles!
2016-10-07 14:52:11 4888 [Note] InnoDB: Database was not shutdown normally!
2016-10-07 14:52:11 4888 [Note] InnoDB: Starting crash recovery.
2016-10-07 14:52:11 4888 [Note] InnoDB: Reading tablespace information from the .ibd files...
2016-10-07 14:52:11 4888 [Note] InnoDB: Restoring possible half-written data pages 
2016-10-07 14:52:11 4888 [Note] InnoDB: from the doublewrite buffer...
2016-10-07 14:52:11 4888 [Note] InnoDB: 128 rollback segment(s) are active.
2016-10-07 14:52:11 4888 [Note] InnoDB: Waiting for purge to start
2016-10-07 14:52:11 4888 [Note] InnoDB: 5.6.13 started; log sequence number 1787152
2016-10-07 14:52:11 4888 [Note] Server hostname (bind-address): '*'; port: 3307
2016-10-07 14:52:11 4888 [Note] IPv6 is available.
2016-10-07 14:52:11 4888 [Note]   - '::' resolves to '::';
2016-10-07 14:52:11 4888 [Note] Server socket created on IP: '::'.
2016-10-07 14:55:47 2616 [Note] Plugin 'FEDERATED' is disabled.
2016-10-07 14:55:47 2616 [Note] InnoDB: The InnoDB memory heap is disabled
2016-10-07 14:55:47 2616 [Note] InnoDB: Mutexes and rw_locks use Windows interlocked functions
2016-10-07 14:55:47 2616 [Note] InnoDB: Compressed tables use zlib 1.2.3
2016-10-07 14:55:47 2616 [Note] InnoDB: Not using CPU crc32 instructions
2016-10-07 14:55:47 2616 [Note] InnoDB: Initializing buffer pool, size = 128.0M
2016-10-07 14:55:47 2616 [Note] InnoDB: Completed initialization of buffer pool
2016-10-07 14:55:47 2616 [Note] InnoDB: Highest supported file format is Barracuda.
2016-10-07 14:55:47 2616 [Note] InnoDB: The log sequence numbers 1626134 and 1626134 in ibdata files do not match the log sequence number 1787162 in the ib_logfiles!
2016-10-07 14:55:47 2616 [Note] InnoDB: Database was not shutdown normally!
2016-10-07 14:55:47 2616 [Note] InnoDB: Starting crash recovery.
2016-10-07 14:55:47 2616 [Note] InnoDB: Reading tablespace information from the .ibd files...
2016-10-07 14:55:47 2616 [Note] InnoDB: Restoring possible half-written data pages 
2016-10-07 14:55:47 2616 [Note] InnoDB: from the doublewrite buffer...
2016-10-07 14:55:48 2616 [Note] InnoDB: 128 rollback segment(s) are active.
2016-10-07 14:55:48 2616 [Note] InnoDB: Waiting for purge to start
2016-10-07 14:55:48 2616 [Note] InnoDB: 5.6.13 started; log sequence number 1787162
2016-10-07 14:55:48 2616 [Note] Server hostname (bind-address): '*'; port: 3307
2016-10-07 14:55:48 2616 [Note] IPv6 is available.
2016-10-07 14:55:48 2616 [Note]   - '::' resolves to '::';
2016-10-07 14:55:48 2616 [Note] Server socket created on IP: '::'.
2016-10-10 13:55:49 12132 [Note] Plugin 'FEDERATED' is disabled.
2016-10-10 13:55:49 12132 [Note] InnoDB: The InnoDB memory heap is disabled
2016-10-10 13:55:49 12132 [Note] InnoDB: Mutexes and rw_locks use Windows interlocked functions
2016-10-10 13:55:49 12132 [Note] InnoDB: Compressed tables use zlib 1.2.3
2016-10-10 13:55:49 12132 [Note] InnoDB: Not using CPU crc32 instructions
2016-10-10 13:55:49 12132 [Note] InnoDB: Initializing buffer pool, size = 128.0M
2016-10-10 13:55:49 12132 [Note] InnoDB: Completed initialization of buffer pool
2016-10-10 13:55:50 12132 [Note] InnoDB: Highest supported file format is Barracuda.
2016-10-10 13:55:50 12132 [Note] InnoDB: The log sequence numbers 1626134 and 1626134 in ibdata files do not match the log sequence number 1787172 in the ib_logfiles!
2016-10-10 13:55:50 12132 [Note] InnoDB: Database was not shutdown normally!
2016-10-10 13:55:50 12132 [Note] InnoDB: Starting crash recovery.
2016-10-10 13:55:50 12132 [Note] InnoDB: Reading tablespace information from the .ibd files...
2016-10-10 13:55:51 12132 [Note] InnoDB: Restoring possible half-written data pages 
2016-10-10 13:55:51 12132 [Note] InnoDB: from the doublewrite buffer...
2016-10-10 13:55:59 12132 [Note] InnoDB: 128 rollback segment(s) are active.
2016-10-10 13:55:59 12132 [Note] InnoDB: Waiting for purge to start
2016-10-10 13:55:59 12132 [Note] InnoDB: 5.6.13 started; log sequence number 1787172
2016-10-10 13:55:59 12132 [Note] Server hostname (bind-address): '*'; port: 3307
2016-10-10 13:55:59 12132 [Note] IPv6 is available.
2016-10-10 13:55:59 12132 [Note]   - '::' resolves to '::';
2016-10-10 13:55:59 12132 [Note] Server socket created on IP: '::'.
2016-10-10 14:47:24 9052 [Note] Plugin 'FEDERATED' is disabled.
2016-10-10 14:47:24 9052 [Note] InnoDB: The InnoDB memory heap is disabled
2016-10-10 14:47:24 9052 [Note] InnoDB: Mutexes and rw_locks use Windows interlocked functions
2016-10-10 14:47:24 9052 [Note] InnoDB: Compressed tables use zlib 1.2.3
2016-10-10 14:47:24 9052 [Note] InnoDB: Not using CPU crc32 instructions
2016-10-10 14:47:24 9052 [Note] InnoDB: Initializing buffer pool, size = 128.0M
2016-10-10 14:47:24 9052 [Note] InnoDB: Completed initialization of buffer pool
2016-10-10 14:47:24 9052 [Note] InnoDB: Highest supported file format is Barracuda.
2016-10-10 14:47:24 9052 [Note] InnoDB: The log sequence numbers 1626134 and 1626134 in ibdata files do not match the log sequence number 1793859 in the ib_logfiles!
2016-10-10 14:47:24 9052 [Note] InnoDB: Database was not shutdown normally!
2016-10-10 14:47:24 9052 [Note] InnoDB: Starting crash recovery.
2016-10-10 14:47:24 9052 [Note] InnoDB: Reading tablespace information from the .ibd files...
2016-10-10 14:47:24 9052 [Note] InnoDB: Restoring possible half-written data pages 
2016-10-10 14:47:24 9052 [Note] InnoDB: from the doublewrite buffer...
2016-10-10 14:47:25 9052 [Note] InnoDB: 128 rollback segment(s) are active.
2016-10-10 14:47:25 9052 [Note] InnoDB: Waiting for purge to start
2016-10-10 14:47:25 9052 [Note] InnoDB: 5.6.13 started; log sequence number 1793859
2016-10-10 14:47:25 9052 [Note] Server hostname (bind-address): '*'; port: 3307
2016-10-10 14:47:25 9052 [Note] IPv6 is available.
2016-10-10 14:47:25 9052 [Note]   - '::' resolves to '::';
2016-10-10 14:47:25 9052 [Note] Server socket created on IP: '::'.
2016-10-10 14:55:02 10000 [Note] Plugin 'FEDERATED' is disabled.
2016-10-10 14:55:02 10000 [Note] InnoDB: The InnoDB memory heap is disabled
2016-10-10 14:55:02 10000 [Note] InnoDB: Mutexes and rw_locks use Windows interlocked functions
2016-10-10 14:55:02 10000 [Note] InnoDB: Compressed tables use zlib 1.2.3
2016-10-10 14:55:02 10000 [Note] InnoDB: Not using CPU crc32 instructions
2016-10-10 14:55:02 10000 [Note] InnoDB: Initializing buffer pool, size = 128.0M
2016-10-10 14:55:02 10000 [Note] InnoDB: Completed initialization of buffer pool
2016-10-10 14:55:02 10000 [Note] InnoDB: Highest supported file format is Barracuda.
2016-10-10 14:55:02 10000 [Note] InnoDB: The log sequence numbers 1626134 and 1626134 in ibdata files do not match the log sequence number 1793869 in the ib_logfiles!
2016-10-10 14:55:02 10000 [Note] InnoDB: Database was not shutdown normally!
2016-10-10 14:55:02 10000 [Note] InnoDB: Starting crash recovery.
2016-10-10 14:55:02 10000 [Note] InnoDB: Reading tablespace information from the .ibd files...
2016-10-10 14:55:03 10000 [Note] InnoDB: Restoring possible half-written data pages 
2016-10-10 14:55:03 10000 [Note] InnoDB: from the doublewrite buffer...
2016-10-10 14:55:03 10000 [Note] InnoDB: 128 rollback segment(s) are active.
2016-10-10 14:55:03 10000 [Note] InnoDB: Waiting for purge to start
2016-10-10 14:55:03 10000 [Note] InnoDB: 5.6.13 started; log sequence number 1793869
2016-10-10 14:55:03 10000 [Note] Server hostname (bind-address): '*'; port: 3307
2016-10-10 14:55:03 10000 [Note] IPv6 is available.
2016-10-10 14:55:03 10000 [Note]   - '::' resolves to '::';
2016-10-10 14:55:03 10000 [Note] Server socket created on IP: '::'.
2016-10-10 15:07:30 8016 [Note] Plugin 'FEDERATED' is disabled.
2016-10-10 15:07:30 8016 [Note] InnoDB: The InnoDB memory heap is disabled
2016-10-10 15:07:30 8016 [Note] InnoDB: Mutexes and rw_locks use Windows interlocked functions
2016-10-10 15:07:30 8016 [Note] InnoDB: Compressed tables use zlib 1.2.3
2016-10-10 15:07:30 8016 [Note] InnoDB: Not using CPU crc32 instructions
2016-10-10 15:07:30 8016 [Note] InnoDB: Initializing buffer pool, size = 128.0M
2016-10-10 15:07:30 8016 [Note] InnoDB: Completed initialization of buffer pool
2016-10-10 15:07:31 8016 [Note] InnoDB: Highest supported file format is Barracuda.
2016-10-10 15:07:31 8016 [Note] InnoDB: The log sequence numbers 1626134 and 1626134 in ibdata files do not match the log sequence number 1831055 in the ib_logfiles!
2016-10-10 15:07:31 8016 [Note] InnoDB: Database was not shutdown normally!
2016-10-10 15:07:31 8016 [Note] InnoDB: Starting crash recovery.
2016-10-10 15:07:31 8016 [Note] InnoDB: Reading tablespace information from the .ibd files...
2016-10-10 15:07:31 8016 [Note] InnoDB: Restoring possible half-written data pages 
2016-10-10 15:07:31 8016 [Note] InnoDB: from the doublewrite buffer...
2016-10-10 15:07:32 8016 [Note] InnoDB: 128 rollback segment(s) are active.
2016-10-10 15:07:32 8016 [Note] InnoDB: Waiting for purge to start
2016-10-10 15:07:32 8016 [Note] InnoDB: 5.6.13 started; log sequence number 1831055
2016-10-10 15:07:32 8016 [Note] Server hostname (bind-address): '*'; port: 3307
2016-10-10 15:07:32 8016 [Note] IPv6 is available.
2016-10-10 15:07:32 8016 [Note]   - '::' resolves to '::';
2016-10-10 15:07:32 8016 [Note] Server socket created on IP: '::'.
2017-04-30 19:11:26 3444 [Note] Plugin 'FEDERATED' is disabled.
2017-04-30 19:11:27 3444 [Note] InnoDB: The InnoDB memory heap is disabled
2017-04-30 19:11:27 3444 [Note] InnoDB: Mutexes and rw_locks use Windows interlocked functions
2017-04-30 19:11:27 3444 [Note] InnoDB: Compressed tables use zlib 1.2.3
2017-04-30 19:11:27 3444 [Note] InnoDB: Not using CPU crc32 instructions
2017-04-30 19:11:27 3444 [Note] InnoDB: Initializing buffer pool, size = 128.0M
2017-04-30 19:11:27 3444 [Note] InnoDB: Completed initialization of buffer pool
2017-04-30 19:11:27 3444 [Note] InnoDB: Highest supported file format is Barracuda.
2017-04-30 19:11:27 3444 [Note] InnoDB: The log sequence numbers 1626134 and 1626134 in ibdata files do not match the log sequence number 1840785 in the ib_logfiles!
2017-04-30 19:11:27 3444 [Note] InnoDB: Database was not shutdown normally!
2017-04-30 19:11:27 3444 [Note] InnoDB: Starting crash recovery.
2017-04-30 19:11:27 3444 [Note] InnoDB: Reading tablespace information from the .ibd files...
2017-04-30 19:11:27 3444 [Note] InnoDB: Restoring possible half-written data pages 
2017-04-30 19:11:27 3444 [Note] InnoDB: from the doublewrite buffer...
2017-04-30 19:11:28 3444 [Note] InnoDB: 128 rollback segment(s) are active.
2017-04-30 19:11:28 3444 [Note] InnoDB: Waiting for purge to start
2017-04-30 19:11:29 3444 [Note] InnoDB: 5.6.13 started; log sequence number 1840785
2017-04-30 19:11:29 3444 [Note] Server hostname (bind-address): '*'; port: 3307
2017-04-30 19:11:29 3444 [Note] IPv6 is available.
2017-04-30 19:11:29 3444 [Note]   - '::' resolves to '::';
2017-04-30 19:11:29 3444 [Note] Server socket created on IP: '::'.
2017-05-24 20:04:52 6740 [Note] Plugin 'FEDERATED' is disabled.
2017-05-24 20:04:58 6740 [Note] InnoDB: The InnoDB memory heap is disabled
2017-05-24 20:04:58 6740 [Note] InnoDB: Mutexes and rw_locks use Windows interlocked functions
2017-05-24 20:04:58 6740 [Note] InnoDB: Compressed tables use zlib 1.2.3
2017-05-24 20:04:59 6740 [Note] InnoDB: Not using CPU crc32 instructions
2017-05-24 20:04:59 6740 [Note] InnoDB: Initializing buffer pool, size = 128.0M
2017-05-24 20:04:59 6740 [Note] InnoDB: Completed initialization of buffer pool
2017-05-24 20:05:00 6740 [Note] InnoDB: Highest supported file format is Barracuda.
2017-05-24 20:05:00 6740 [Note] InnoDB: The log sequence numbers 1626134 and 1626134 in ibdata files do not match the log sequence number 1842478 in the ib_logfiles!
2017-05-24 20:05:00 6740 [Note] InnoDB: Database was not shutdown normally!
2017-05-24 20:05:00 6740 [Note] InnoDB: Starting crash recovery.
2017-05-24 20:05:00 6740 [Note] InnoDB: Reading tablespace information from the .ibd files...
2017-05-24 20:05:01 6740 [Note] InnoDB: Restoring possible half-written data pages 
2017-05-24 20:05:01 6740 [Note] InnoDB: from the doublewrite buffer...
2017-05-24 20:05:04 6740 [Note] InnoDB: 128 rollback segment(s) are active.
2017-05-24 20:05:04 6740 [Note] InnoDB: Waiting for purge to start
2017-05-24 20:05:04 6740 [Note] InnoDB: 5.6.13 started; log sequence number 1842478
2017-05-24 20:05:04 6740 [Note] Server hostname (bind-address): '*'; port: 3307
2017-05-24 20:05:04 6740 [Note] IPv6 is available.
2017-05-24 20:05:04 6740 [Note]   - '::' resolves to '::';
2017-05-24 20:05:04 6740 [Note] Server socket created on IP: '::'.
2017-05-24 22:14:39 6448 [Note] Plugin 'FEDERATED' is disabled.
2017-05-24 22:14:40 6448 [Note] InnoDB: The InnoDB memory heap is disabled
2017-05-24 22:14:40 6448 [Note] InnoDB: Mutexes and rw_locks use Windows interlocked functions
2017-05-24 22:14:40 6448 [Note] InnoDB: Compressed tables use zlib 1.2.3
2017-05-24 22:14:42 6448 [Note] InnoDB: Not using CPU crc32 instructions
2017-05-24 22:14:42 6448 [Note] InnoDB: Initializing buffer pool, size = 128.0M
2017-05-24 22:14:42 6448 [Note] InnoDB: Completed initialization of buffer pool
2017-05-24 22:14:43 6448 [Note] InnoDB: Highest supported file format is Barracuda.
2017-05-24 22:14:43 6448 [Note] InnoDB: The log sequence numbers 1626134 and 1626134 in ibdata files do not match the log sequence number 1847092 in the ib_logfiles!
2017-05-24 22:14:43 6448 [Note] InnoDB: Database was not shutdown normally!
2017-05-24 22:14:43 6448 [Note] InnoDB: Starting crash recovery.
2017-05-24 22:14:43 6448 [Note] InnoDB: Reading tablespace information from the .ibd files...
2017-05-24 22:14:44 6448 [Note] InnoDB: Restoring possible half-written data pages 
2017-05-24 22:14:44 6448 [Note] InnoDB: from the doublewrite buffer...
2017-05-24 22:14:48 6448 [Note] InnoDB: 128 rollback segment(s) are active.
2017-05-24 22:14:48 6448 [Note] InnoDB: Waiting for purge to start
2017-05-24 22:14:48 6448 [Note] InnoDB: 5.6.13 started; log sequence number 1847092
2017-05-24 22:14:48 6448 [Note] Server hostname (bind-address): '*'; port: 3307
2017-05-24 22:14:48 6448 [Note] IPv6 is available.
2017-05-24 22:14:48 6448 [Note]   - '::' resolves to '::';
2017-05-24 22:14:48 6448 [Note] Server socket created on IP: '::'.
2017-05-25 19:13:13 7892 [Note] Plugin 'FEDERATED' is disabled.
2017-05-25 19:13:13 7892 [Note] InnoDB: The InnoDB memory heap is disabled
2017-05-25 19:13:13 7892 [Note] InnoDB: Mutexes and rw_locks use Windows interlocked functions
2017-05-25 19:13:13 7892 [Note] InnoDB: Compressed tables use zlib 1.2.3
2017-05-25 19:13:14 7892 [Note] InnoDB: Not using CPU crc32 instructions
2017-05-25 19:13:14 7892 [Note] InnoDB: Initializing buffer pool, size = 128.0M
2017-05-25 19:13:14 7892 [Note] InnoDB: Completed initialization of buffer pool
2017-05-25 19:13:15 7892 [Note] InnoDB: Highest supported file format is Barracuda.
2017-05-25 19:13:15 7892 [Note] InnoDB: The log sequence numbers 1626134 and 1626134 in ibdata files do not match the log sequence number 1847102 in the ib_logfiles!
2017-05-25 19:13:15 7892 [Note] InnoDB: Database was not shutdown normally!
2017-05-25 19:13:15 7892 [Note] InnoDB: Starting crash recovery.
2017-05-25 19:13:15 7892 [Note] InnoDB: Reading tablespace information from the .ibd files...
2017-05-25 19:13:15 7892 [Note] InnoDB: Restoring possible half-written data pages 
2017-05-25 19:13:15 7892 [Note] InnoDB: from the doublewrite buffer...
2017-05-25 19:13:17 7892 [Note] InnoDB: 128 rollback segment(s) are active.
2017-05-25 19:13:17 7892 [Note] InnoDB: Waiting for purge to start
2017-05-25 19:13:17 7892 [Note] InnoDB: 5.6.13 started; log sequence number 1847102
2017-05-25 19:13:17 7892 [Note] Server hostname (bind-address): '*'; port: 3307
2017-05-25 19:13:17 7892 [Note] IPv6 is available.
2017-05-25 19:13:17 7892 [Note]   - '::' resolves to '::';
2017-05-25 19:13:17 7892 [Note] Server socket created on IP: '::'.
2017-06-01 12:55:06 868 [Note] Plugin 'FEDERATED' is disabled.
2017-06-01 12:55:07 868 [Note] InnoDB: The InnoDB memory heap is disabled
2017-06-01 12:55:07 868 [Note] InnoDB: Mutexes and rw_locks use Windows interlocked functions
2017-06-01 12:55:07 868 [Note] InnoDB: Compressed tables use zlib 1.2.3
2017-06-01 12:55:07 868 [Note] InnoDB: Not using CPU crc32 instructions
2017-06-01 12:55:07 868 [Note] InnoDB: Initializing buffer pool, size = 128.0M
2017-06-01 12:55:07 868 [Note] InnoDB: Completed initialization of buffer pool
2017-06-01 12:55:07 868 [Note] InnoDB: Highest supported file format is Barracuda.
2017-06-01 12:55:07 868 [Note] InnoDB: The log sequence numbers 1626134 and 1626134 in ibdata files do not match the log sequence number 1855604 in the ib_logfiles!
2017-06-01 12:55:07 868 [Note] InnoDB: Database was not shutdown normally!
2017-06-01 12:55:07 868 [Note] InnoDB: Starting crash recovery.
2017-06-01 12:55:07 868 [Note] InnoDB: Reading tablespace information from the .ibd files...
2017-06-01 12:55:07 868 [Note] InnoDB: Restoring possible half-written data pages 
2017-06-01 12:55:07 868 [Note] InnoDB: from the doublewrite buffer...
2017-06-01 12:55:09 868 [Note] InnoDB: 128 rollback segment(s) are active.
2017-06-01 12:55:09 868 [Note] InnoDB: Waiting for purge to start
2017-06-01 12:55:09 868 [Note] InnoDB: 5.6.13 started; log sequence number 1855604
2017-06-01 12:55:09 868 [Note] Server hostname (bind-address): '*'; port: 3307
2017-06-01 12:55:09 868 [Note] IPv6 is available.
2017-06-01 12:55:09 868 [Note]   - '::' resolves to '::';
2017-06-01 12:55:09 868 [Note] Server socket created on IP: '::'.
2017-06-02 19:42:56 13196 [Note] Plugin 'FEDERATED' is disabled.
2017-06-02 19:42:56 13196 [Note] InnoDB: The InnoDB memory heap is disabled
2017-06-02 19:42:56 13196 [Note] InnoDB: Mutexes and rw_locks use Windows interlocked functions
2017-06-02 19:42:56 13196 [Note] InnoDB: Compressed tables use zlib 1.2.3
2017-06-02 19:42:56 13196 [Note] InnoDB: Not using CPU crc32 instructions
2017-06-02 19:42:56 13196 [Note] InnoDB: Initializing buffer pool, size = 128.0M
2017-06-02 19:42:56 13196 [Note] InnoDB: Completed initialization of buffer pool
2017-06-02 19:42:57 13196 [Note] InnoDB: Highest supported file format is Barracuda.
2017-06-02 19:42:57 13196 [Note] InnoDB: The log sequence numbers 1626134 and 1626134 in ibdata files do not match the log sequence number 1855614 in the ib_logfiles!
2017-06-02 19:42:57 13196 [Note] InnoDB: Database was not shutdown normally!
2017-06-02 19:42:57 13196 [Note] InnoDB: Starting crash recovery.
2017-06-02 19:42:57 13196 [Note] InnoDB: Reading tablespace information from the .ibd files...
2017-06-02 19:42:58 13196 [Note] InnoDB: Restoring possible half-written data pages 
2017-06-02 19:42:58 13196 [Note] InnoDB: from the doublewrite buffer...
2017-06-02 19:43:00 13196 [Note] InnoDB: 128 rollback segment(s) are active.
2017-06-02 19:43:00 13196 [Note] InnoDB: Waiting for purge to start
2017-06-02 19:43:00 13196 [Note] InnoDB: 5.6.13 started; log sequence number 1855614
2017-06-02 19:43:00 13196 [Note] Server hostname (bind-address): '*'; port: 3307
2017-06-02 19:43:00 13196 [Note] IPv6 is available.
2017-06-02 19:43:00 13196 [Note]   - '::' resolves to '::';
2017-06-02 19:43:00 13196 [Note] Server socket created on IP: '::'.
2017-06-05 19:40:52 2136 [Note] Plugin 'FEDERATED' is disabled.
2017-06-05 19:40:52 2136 [Note] InnoDB: The InnoDB memory heap is disabled
2017-06-05 19:40:52 2136 [Note] InnoDB: Mutexes and rw_locks use Windows interlocked functions
2017-06-05 19:40:52 2136 [Note] InnoDB: Compressed tables use zlib 1.2.3
2017-06-05 19:40:53 2136 [Note] InnoDB: Not using CPU crc32 instructions
2017-06-05 19:40:53 2136 [Note] InnoDB: Initializing buffer pool, size = 128.0M
2017-06-05 19:40:53 2136 [Note] InnoDB: Completed initialization of buffer pool
2017-06-05 19:40:53 2136 [Note] InnoDB: Highest supported file format is Barracuda.
2017-06-05 19:40:53 2136 [Note] InnoDB: The log sequence numbers 1626134 and 1626134 in ibdata files do not match the log sequence number 1861768 in the ib_logfiles!
2017-06-05 19:40:53 2136 [Note] InnoDB: Database was not shutdown normally!
2017-06-05 19:40:53 2136 [Note] InnoDB: Starting crash recovery.
2017-06-05 19:40:53 2136 [Note] InnoDB: Reading tablespace information from the .ibd files...
2017-06-05 19:40:54 2136 [Note] InnoDB: Restoring possible half-written data pages 
2017-06-05 19:40:54 2136 [Note] InnoDB: from the doublewrite buffer...
2017-06-05 19:40:59 2136 [Note] InnoDB: 128 rollback segment(s) are active.
2017-06-05 19:40:59 2136 [Note] InnoDB: Waiting for purge to start
2017-06-05 19:40:59 2136 [Note] InnoDB: 5.6.13 started; log sequence number 1861768
2017-06-05 19:41:00 2136 [Note] Server hostname (bind-address): '*'; port: 3307
2017-06-05 19:41:00 2136 [Note] IPv6 is available.
2017-06-05 19:41:00 2136 [Note]   - '::' resolves to '::';
2017-06-05 19:41:00 2136 [Note] Server socket created on IP: '::'.
2017-06-06 19:41:12 7748 [Note] Plugin 'FEDERATED' is disabled.
2017-06-06 19:41:12 7748 [Note] InnoDB: The InnoDB memory heap is disabled
2017-06-06 19:41:12 7748 [Note] InnoDB: Mutexes and rw_locks use Windows interlocked functions
2017-06-06 19:41:12 7748 [Note] InnoDB: Compressed tables use zlib 1.2.3
2017-06-06 19:41:12 7748 [Note] InnoDB: Not using CPU crc32 instructions
2017-06-06 19:41:12 7748 [Note] InnoDB: Initializing buffer pool, size = 128.0M
2017-06-06 19:41:12 7748 [Note] InnoDB: Completed initialization of buffer pool
2017-06-06 19:41:12 7748 [Note] InnoDB: Highest supported file format is Barracuda.
2017-06-06 19:41:12 7748 [Note] InnoDB: The log sequence numbers 1626134 and 1626134 in ibdata files do not match the log sequence number 1865819 in the ib_logfiles!
2017-06-06 19:41:12 7748 [Note] InnoDB: Database was not shutdown normally!
2017-06-06 19:41:12 7748 [Note] InnoDB: Starting crash recovery.
2017-06-06 19:41:12 7748 [Note] InnoDB: Reading tablespace information from the .ibd files...
2017-06-06 19:41:13 7748 [Note] InnoDB: Restoring possible half-written data pages 
2017-06-06 19:41:13 7748 [Note] InnoDB: from the doublewrite buffer...
2017-06-06 19:41:17 7748 [Note] InnoDB: 128 rollback segment(s) are active.
2017-06-06 19:41:17 7748 [Note] InnoDB: Waiting for purge to start
2017-06-06 19:41:17 7748 [Note] InnoDB: 5.6.13 started; log sequence number 1865819
2017-06-06 19:41:18 7748 [Note] Server hostname (bind-address): '*'; port: 3307
2017-06-06 19:41:18 7748 [Note] IPv6 is available.
2017-06-06 19:41:18 7748 [Note]   - '::' resolves to '::';
2017-06-06 19:41:18 7748 [Note] Server socket created on IP: '::'.
2017-06-06 21:50:11 7748 [Note] Plugin 'FEDERATED' is disabled.
2017-06-06 21:50:11 7748 [Note] InnoDB: The InnoDB memory heap is disabled
2017-06-06 21:50:11 7748 [Note] InnoDB: Mutexes and rw_locks use Windows interlocked functions
2017-06-06 21:50:11 7748 [Note] InnoDB: Compressed tables use zlib 1.2.3
2017-06-06 21:50:11 7748 [Note] InnoDB: Not using CPU crc32 instructions
2017-06-06 21:50:11 7748 [Note] InnoDB: Initializing buffer pool, size = 128.0M
2017-06-06 21:50:11 7748 [Note] InnoDB: Completed initialization of buffer pool
2017-06-06 21:50:13 7748 [Note] InnoDB: Highest supported file format is Barracuda.
2017-06-06 21:50:13 7748 [Note] InnoDB: The log sequence numbers 1626134 and 1626134 in ibdata files do not match the log sequence number 1869438 in the ib_logfiles!
2017-06-06 21:50:13 7748 [Note] InnoDB: Database was not shutdown normally!
2017-06-06 21:50:13 7748 [Note] InnoDB: Starting crash recovery.
2017-06-06 21:50:13 7748 [Note] InnoDB: Reading tablespace information from the .ibd files...
2017-06-06 21:50:15 7748 [Note] InnoDB: Restoring possible half-written data pages 
2017-06-06 21:50:15 7748 [Note] InnoDB: from the doublewrite buffer...
2017-06-06 21:50:29 7748 [Note] InnoDB: 128 rollback segment(s) are active.
2017-06-06 21:50:30 7748 [Note] InnoDB: Waiting for purge to start
2017-06-06 21:50:30 7748 [Note] InnoDB: 5.6.13 started; log sequence number 1869438
2017-06-06 21:50:31 7748 [Note] Server hostname (bind-address): '*'; port: 3307
2017-06-06 21:50:31 7748 [Note] IPv6 is available.
2017-06-06 21:50:31 7748 [Note]   - '::' resolves to '::';
2017-06-06 21:50:31 7748 [Note] Server socket created on IP: '::'.
2017-06-07 15:37:10 5508 [Note] Plugin 'FEDERATED' is disabled.
2017-06-07 15:37:12 5508 [Note] InnoDB: The InnoDB memory heap is disabled
2017-06-07 15:37:12 5508 [Note] InnoDB: Mutexes and rw_locks use Windows interlocked functions
2017-06-07 15:37:12 5508 [Note] InnoDB: Compressed tables use zlib 1.2.3
2017-06-07 15:37:12 5508 [Note] InnoDB: Not using CPU crc32 instructions
2017-06-07 15:37:13 5508 [Note] InnoDB: Initializing buffer pool, size = 128.0M
2017-06-07 15:37:13 5508 [Note] InnoDB: Completed initialization of buffer pool
2017-06-07 15:37:14 5508 [Note] InnoDB: Highest supported file format is Barracuda.
2017-06-07 15:37:14 5508 [Note] InnoDB: The log sequence numbers 1626134 and 1626134 in ibdata files do not match the log sequence number 1869676 in the ib_logfiles!
2017-06-07 15:37:14 5508 [Note] InnoDB: Database was not shutdown normally!
2017-06-07 15:37:14 5508 [Note] InnoDB: Starting crash recovery.
2017-06-07 15:37:14 5508 [Note] InnoDB: Reading tablespace information from the .ibd files...
2017-06-07 15:37:17 5508 [Note] InnoDB: Restoring possible half-written data pages 
2017-06-07 15:37:17 5508 [Note] InnoDB: from the doublewrite buffer...
2017-06-07 15:37:28 5508 [Note] InnoDB: 128 rollback segment(s) are active.
2017-06-07 15:37:30 5508 [Note] InnoDB: Waiting for purge to start
2017-06-07 15:37:30 5508 [Note] InnoDB: 5.6.13 started; log sequence number 1869676
2017-06-07 15:37:33 5508 [Note] Server hostname (bind-address): '*'; port: 3307
2017-06-07 15:37:33 5508 [Note] IPv6 is available.
2017-06-07 15:37:33 5508 [Note]   - '::' resolves to '::';
2017-06-07 15:37:33 5508 [Note] Server socket created on IP: '::'.
2017-06-07 15:38:25 7380 [Note] Plugin 'FEDERATED' is disabled.
2017-06-07 15:38:25 7380 [Note] InnoDB: The InnoDB memory heap is disabled
2017-06-07 15:38:25 7380 [Note] InnoDB: Mutexes and rw_locks use Windows interlocked functions
2017-06-07 15:38:25 7380 [Note] InnoDB: Compressed tables use zlib 1.2.3
2017-06-07 15:38:25 7380 [Note] InnoDB: Not using CPU crc32 instructions
2017-06-07 15:38:25 7380 [Note] InnoDB: Initializing buffer pool, size = 128.0M
2017-06-07 15:38:25 7380 [Note] InnoDB: Completed initialization of buffer pool
2017-06-07 15:38:25 7380 [Note] InnoDB: Highest supported file format is Barracuda.
2017-06-07 15:38:25 7380 [Note] InnoDB: The log sequence numbers 1626134 and 1626134 in ibdata files do not match the log sequence number 1869686 in the ib_logfiles!
2017-06-07 15:38:25 7380 [Note] InnoDB: Database was not shutdown normally!
2017-06-07 15:38:25 7380 [Note] InnoDB: Starting crash recovery.
2017-06-07 15:38:25 7380 [Note] InnoDB: Reading tablespace information from the .ibd files...
2017-06-07 15:38:25 7380 [Note] InnoDB: Restoring possible half-written data pages 
2017-06-07 15:38:25 7380 [Note] InnoDB: from the doublewrite buffer...
2017-06-07 15:38:26 7380 [Note] InnoDB: 128 rollback segment(s) are active.
2017-06-07 15:38:26 7380 [Note] InnoDB: Waiting for purge to start
2017-06-07 15:38:26 7380 [Note] InnoDB: 5.6.13 started; log sequence number 1869686
2017-06-07 15:38:26 7380 [Note] Server hostname (bind-address): '*'; port: 3307
2017-06-07 15:38:26 7380 [Note] IPv6 is available.
2017-06-07 15:38:26 7380 [Note]   - '::' resolves to '::';
2017-06-07 15:38:26 7380 [Note] Server socket created on IP: '::'.
2017-06-20 19:11:57 6548 [Note] Plugin 'FEDERATED' is disabled.
2017-06-20 19:11:58 6548 [Note] InnoDB: The InnoDB memory heap is disabled
2017-06-20 19:11:58 6548 [Note] InnoDB: Mutexes and rw_locks use Windows interlocked functions
2017-06-20 19:11:58 6548 [Note] InnoDB: Compressed tables use zlib 1.2.3
2017-06-20 19:11:58 6548 [Note] InnoDB: Not using CPU crc32 instructions
2017-06-20 19:11:58 6548 [Note] InnoDB: Initializing buffer pool, size = 128.0M
2017-06-20 19:11:58 6548 [Note] InnoDB: Completed initialization of buffer pool
2017-06-20 19:11:58 6548 [Note] InnoDB: Highest supported file format is Barracuda.
2017-06-20 19:11:58 6548 [Note] InnoDB: The log sequence numbers 1626134 and 1626134 in ibdata files do not match the log sequence number 1874892 in the ib_logfiles!
2017-06-20 19:11:58 6548 [Note] InnoDB: Database was not shutdown normally!
2017-06-20 19:11:58 6548 [Note] InnoDB: Starting crash recovery.
2017-06-20 19:11:58 6548 [Note] InnoDB: Reading tablespace information from the .ibd files...
2017-06-20 19:11:59 6548 [Note] InnoDB: Restoring possible half-written data pages 
2017-06-20 19:11:59 6548 [Note] InnoDB: from the doublewrite buffer...
2017-06-20 19:12:01 6548 [Note] InnoDB: 128 rollback segment(s) are active.
2017-06-20 19:12:01 6548 [Note] InnoDB: Waiting for purge to start
2017-06-20 19:12:01 6548 [Note] InnoDB: 5.6.13 started; log sequence number 1874892
2017-06-20 19:12:01 6548 [Note] Server hostname (bind-address): '*'; port: 3307
2017-06-20 19:12:01 6548 [Note] IPv6 is available.
2017-06-20 19:12:01 6548 [Note]   - '::' resolves to '::';
2017-06-20 19:12:01 6548 [Note] Server socket created on IP: '::'.
2018-03-04 14:32:24 4364 [Note] Plugin 'FEDERATED' is disabled.
2018-03-04 14:32:25 4364 [Note] InnoDB: The InnoDB memory heap is disabled
2018-03-04 14:32:25 4364 [Note] InnoDB: Mutexes and rw_locks use Windows interlocked functions
2018-03-04 14:32:25 4364 [Note] InnoDB: Compressed tables use zlib 1.2.3
2018-03-04 14:32:25 4364 [Note] InnoDB: Not using CPU crc32 instructions
2018-03-04 14:32:25 4364 [Note] InnoDB: Initializing buffer pool, size = 128.0M
2018-03-04 14:32:25 4364 [Note] InnoDB: Completed initialization of buffer pool
2018-03-04 14:32:25 4364 [Note] InnoDB: Highest supported file format is Barracuda.
2018-03-04 14:32:25 4364 [Note] InnoDB: The log sequence numbers 1626134 and 1626134 in ibdata files do not match the log sequence number 1882666 in the ib_logfiles!
2018-03-04 14:32:25 4364 [Note] InnoDB: Database was not shutdown normally!
2018-03-04 14:32:25 4364 [Note] InnoDB: Starting crash recovery.
2018-03-04 14:32:25 4364 [Note] InnoDB: Reading tablespace information from the .ibd files...
2018-03-04 14:32:26 4364 [Note] InnoDB: Restoring possible half-written data pages 
2018-03-04 14:32:26 4364 [Note] InnoDB: from the doublewrite buffer...
2018-03-04 14:32:28 4364 [Note] InnoDB: 128 rollback segment(s) are active.
2018-03-04 14:32:28 4364 [Note] InnoDB: Waiting for purge to start
2018-03-04 14:32:28 4364 [Note] InnoDB: 5.6.13 started; log sequence number 1882666
2018-03-04 14:32:28 4364 [Note] Server hostname (bind-address): '*'; port: 3307
2018-03-04 14:32:28 4364 [Note] IPv6 is available.
2018-03-04 14:32:28 4364 [Note]   - '::' resolves to '::';
2018-03-04 14:32:28 4364 [Note] Server socket created on IP: '::'.
2019-05-08 15:42:55 6232 [Note] Plugin 'FEDERATED' is disabled.
2019-05-08 15:42:56 6232 [Note] InnoDB: The InnoDB memory heap is disabled
2019-05-08 15:42:56 6232 [Note] InnoDB: Mutexes and rw_locks use Windows interlocked functions
2019-05-08 15:42:56 6232 [Note] InnoDB: Compressed tables use zlib 1.2.3
2019-05-08 15:42:56 6232 [Note] InnoDB: Not using CPU crc32 instructions
2019-05-08 15:42:56 6232 [Note] InnoDB: Initializing buffer pool, size = 128.0M
2019-05-08 15:42:56 6232 [Note] InnoDB: Completed initialization of buffer pool
2019-05-08 15:42:57 6232 [Note] InnoDB: Highest supported file format is Barracuda.
2019-05-08 15:42:57 6232 [Note] InnoDB: The log sequence numbers 1626134 and 1626134 in ibdata files do not match the log sequence number 1882872 in the ib_logfiles!
2019-05-08 15:42:57 6232 [Note] InnoDB: Database was not shutdown normally!
2019-05-08 15:42:57 6232 [Note] InnoDB: Starting crash recovery.
2019-05-08 15:42:57 6232 [Note] InnoDB: Reading tablespace information from the .ibd files...
2019-05-08 15:42:59 6232 [Note] InnoDB: Restoring possible half-written data pages 
2019-05-08 15:42:59 6232 [Note] InnoDB: from the doublewrite buffer...
2019-05-08 15:43:11 6232 [Note] InnoDB: 128 rollback segment(s) are active.
2019-05-08 15:43:11 6232 [Note] InnoDB: Waiting for purge to start
2019-05-08 15:43:12 6232 [Note] InnoDB: 5.6.13 started; log sequence number 1882872
2019-05-08 15:43:12 6232 [Note] Server hostname (bind-address): '*'; port: 3307
2019-05-08 15:43:12 6232 [Note] IPv6 is available.
2019-05-08 15:43:12 6232 [Note]   - '::' resolves to '::';
2019-05-08 15:43:12 6232 [Note] Server socket created on IP: '::'.
2019-05-08 16:42:24 8308 [Note] Plugin 'FEDERATED' is disabled.
2019-05-08 16:42:24 8308 [Note] InnoDB: The InnoDB memory heap is disabled
2019-05-08 16:42:24 8308 [Note] InnoDB: Mutexes and rw_locks use Windows interlocked functions
2019-05-08 16:42:24 8308 [Note] InnoDB: Compressed tables use zlib 1.2.3
2019-05-08 16:42:24 8308 [Note] InnoDB: Not using CPU crc32 instructions
2019-05-08 16:42:24 8308 [Note] InnoDB: Initializing buffer pool, size = 128.0M
2019-05-08 16:42:24 8308 [Note] InnoDB: Completed initialization of buffer pool
2019-05-08 16:42:24 8308 [Note] InnoDB: Highest supported file format is Barracuda.
2019-05-08 16:42:24 8308 [Note] InnoDB: The log sequence numbers 1626134 and 1626134 in ibdata files do not match the log sequence number 1882882 in the ib_logfiles!
2019-05-08 16:42:24 8308 [Note] InnoDB: Database was not shutdown normally!
2019-05-08 16:42:24 8308 [Note] InnoDB: Starting crash recovery.
2019-05-08 16:42:24 8308 [Note] InnoDB: Reading tablespace information from the .ibd files...
2019-05-08 16:42:25 8308 [Note] InnoDB: Restoring possible half-written data pages 
2019-05-08 16:42:25 8308 [Note] InnoDB: from the doublewrite buffer...
2019-05-08 16:42:26 8308 [Note] InnoDB: 128 rollback segment(s) are active.
2019-05-08 16:42:26 8308 [Note] InnoDB: Waiting for purge to start
2019-05-08 16:42:26 8308 [Note] InnoDB: 5.6.13 started; log sequence number 1882882
2019-05-08 16:42:26 8308 [Note] Server hostname (bind-address): '*'; port: 3307
2019-05-08 16:42:26 8308 [Note] IPv6 is available.
2019-05-08 16:42:26 8308 [Note]   - '::' resolves to '::';
2019-05-08 16:42:26 8308 [Note] Server socket created on IP: '::'.
2019-09-29 10:20:05 4464 [Note] Plugin 'FEDERATED' is disabled.
2019-09-29 10:20:05 4464 [Note] InnoDB: The InnoDB memory heap is disabled
2019-09-29 10:20:05 4464 [Note] InnoDB: Mutexes and rw_locks use Windows interlocked functions
2019-09-29 10:20:05 4464 [Note] InnoDB: Compressed tables use zlib 1.2.3
2019-09-29 10:20:05 4464 [Note] InnoDB: Not using CPU crc32 instructions
2019-09-29 10:20:05 4464 [Note] InnoDB: Initializing buffer pool, size = 128.0M
2019-09-29 10:20:05 4464 [Note] InnoDB: Completed initialization of buffer pool
2019-09-29 10:20:05 4464 [Note] InnoDB: Highest supported file format is Barracuda.
2019-09-29 10:20:05 4464 [Note] InnoDB: The log sequence numbers 1626134 and 1626134 in ibdata files do not match the log sequence number 4326473 in the ib_logfiles!
2019-09-29 10:20:05 4464 [Note] InnoDB: Database was not shutdown normally!
2019-09-29 10:20:05 4464 [Note] InnoDB: Starting crash recovery.
2019-09-29 10:20:05 4464 [Note] InnoDB: Reading tablespace information from the .ibd files...
2019-09-29 10:20:07 4464 [Note] InnoDB: Restoring possible half-written data pages 
2019-09-29 10:20:07 4464 [Note] InnoDB: from the doublewrite buffer...
2019-09-29 10:20:08 4464 [Note] InnoDB: 128 rollback segment(s) are active.
2019-09-29 10:20:09 4464 [Note] InnoDB: Waiting for purge to start
2019-09-29 10:20:09 4464 [Note] InnoDB: 5.6.13 started; log sequence number 4326473
2019-09-29 10:20:09 4464 [Note] Server hostname (bind-address): '*'; port: 3307
2019-09-29 10:20:09 4464 [Note] IPv6 is available.
2019-09-29 10:20:09 4464 [Note]   - '::' resolves to '::';
2019-09-29 10:20:09 4464 [Note] Server socket created on IP: '::'.
2019-09-29 10:21:02 10184 [Note] Plugin 'FEDERATED' is disabled.
2019-09-29 10:21:02 10184 [Note] InnoDB: The InnoDB memory heap is disabled
2019-09-29 10:21:02 10184 [Note] InnoDB: Mutexes and rw_locks use Windows interlocked functions
2019-09-29 10:21:02 10184 [Note] InnoDB: Compressed tables use zlib 1.2.3
2019-09-29 10:21:02 10184 [Note] InnoDB: Not using CPU crc32 instructions
2019-09-29 10:21:02 10184 [Note] InnoDB: Initializing buffer pool, size = 128.0M
2019-09-29 10:21:02 10184 [Note] InnoDB: Completed initialization of buffer pool
2019-09-29 10:21:02 10184 [Note] InnoDB: Highest supported file format is Barracuda.
2019-09-29 10:21:02 10184 [Note] InnoDB: The log sequence numbers 1626134 and 1626134 in ibdata files do not match the log sequence number 4326483 in the ib_logfiles!
2019-09-29 10:21:02 10184 [Note] InnoDB: Database was not shutdown normally!
2019-09-29 10:21:02 10184 [Note] InnoDB: Starting crash recovery.
2019-09-29 10:21:02 10184 [Note] InnoDB: Reading tablespace information from the .ibd files...
2019-09-29 10:21:03 10184 [Note] InnoDB: Restoring possible half-written data pages 
2019-09-29 10:21:03 10184 [Note] InnoDB: from the doublewrite buffer...
2019-09-29 10:21:13 10184 [Note] InnoDB: 128 rollback segment(s) are active.
2019-09-29 10:21:13 10184 [Note] InnoDB: Waiting for purge to start
2019-09-29 10:21:13 10184 [Note] InnoDB: 5.6.13 started; log sequence number 4326483
2019-09-29 10:21:13 10184 [Note] Server hostname (bind-address): '*'; port: 3307
2019-09-29 10:21:13 10184 [Note] IPv6 is available.
2019-09-29 10:21:13 10184 [Note]   - '::' resolves to '::';
2019-09-29 10:21:13 10184 [Note] Server socket created on IP: '::'.
2019-09-29 11:20:20 14196 [Note] Plugin 'FEDERATED' is disabled.
2019-09-29 11:20:20 14196 [Note] InnoDB: The InnoDB memory heap is disabled
2019-09-29 11:20:20 14196 [Note] InnoDB: Mutexes and rw_locks use Windows interlocked functions
2019-09-29 11:20:20 14196 [Note] InnoDB: Compressed tables use zlib 1.2.3
2019-09-29 11:20:20 14196 [Note] InnoDB: Not using CPU crc32 instructions
2019-09-29 11:20:20 14196 [Note] InnoDB: Initializing buffer pool, size = 128.0M
2019-09-29 11:20:20 14196 [Note] InnoDB: Completed initialization of buffer pool
2019-09-29 11:20:21 14196 [Note] InnoDB: Highest supported file format is Barracuda.
2019-09-29 11:20:21 14196 [Note] InnoDB: The log sequence numbers 1626134 and 1626134 in ibdata files do not match the log sequence number 4330814 in the ib_logfiles!
2019-09-29 11:20:21 14196 [Note] InnoDB: Database was not shutdown normally!
2019-09-29 11:20:21 14196 [Note] InnoDB: Starting crash recovery.
2019-09-29 11:20:21 14196 [Note] InnoDB: Reading tablespace information from the .ibd files...
2019-09-29 11:20:23 14196 [Note] InnoDB: Restoring possible half-written data pages 
2019-09-29 11:20:23 14196 [Note] InnoDB: from the doublewrite buffer...
2019-09-29 11:20:25 14196 [Note] InnoDB: 128 rollback segment(s) are active.
2019-09-29 11:20:25 14196 [Note] InnoDB: Waiting for purge to start
2019-09-29 11:20:26 14196 [Note] InnoDB: 5.6.13 started; log sequence number 4330814
2019-09-29 11:20:26 14196 [Note] Server hostname (bind-address): '*'; port: 3306
2019-09-29 11:20:26 14196 [Note] IPv6 is available.
2019-09-29 11:20:26 14196 [Note]   - '::' resolves to '::';
2019-09-29 11:20:26 14196 [Note] Server socket created on IP: '::'.
2019-09-29 11:20:26 14196 [ERROR] Can't start server: Bind on TCP/IP port: No such file or directory
2019-09-29 11:20:26 14196 [ERROR] Do you already have another mysqld server running on port: 3306 ?
2019-09-29 11:20:26 14196 [ERROR] Aborting

2019-09-29 11:20:26 14196 [Note] Binlog end
2019-09-29 11:20:26 14196 [Note] Shutting down plugin 'partition'
2019-09-29 11:20:26 14196 [Note] Shutting down plugin 'PERFORMANCE_SCHEMA'
2019-09-29 11:20:26 14196 [Note] Shutting down plugin 'INNODB_SYS_DATAFILES'
2019-09-29 11:20:26 14196 [Note] Shutting down plugin 'INNODB_SYS_TABLESPACES'
2019-09-29 11:20:26 14196 [Note] Shutting down plugin 'INNODB_SYS_FOREIGN_COLS'
2019-09-29 11:20:26 14196 [Note] Shutting down plugin 'INNODB_SYS_FOREIGN'
2019-09-29 11:20:26 14196 [Note] Shutting down plugin 'INNODB_SYS_FIELDS'
2019-09-29 11:20:26 14196 [Note] Shutting down plugin 'INNODB_SYS_COLUMNS'
2019-09-29 11:20:26 14196 [Note] Shutting down plugin 'INNODB_SYS_INDEXES'
2019-09-29 11:20:26 14196 [Note] Shutting down plugin 'INNODB_SYS_TABLESTATS'
2019-09-29 11:20:26 14196 [Note] Shutting down plugin 'INNODB_SYS_TABLES'
2019-09-29 11:20:26 14196 [Note] Shutting down plugin 'INNODB_FT_INDEX_TABLE'
2019-09-29 11:20:26 14196 [Note] Shutting down plugin 'INNODB_FT_INDEX_CACHE'
2019-09-29 11:20:26 14196 [Note] Shutting down plugin 'INNODB_FT_CONFIG'
2019-09-29 11:20:26 14196 [Note] Shutting down plugin 'INNODB_FT_BEING_DELETED'
2019-09-29 11:20:26 14196 [Note] Shutting down plugin 'INNODB_FT_DELETED'
2019-09-29 11:20:26 14196 [Note] Shutting down plugin 'INNODB_FT_DEFAULT_STOPWORD'
2019-09-29 11:20:26 14196 [Note] Shutting down plugin 'INNODB_METRICS'
2019-09-29 11:20:26 14196 [Note] Shutting down plugin 'INNODB_BUFFER_POOL_STATS'
2019-09-29 11:20:26 14196 [Note] Shutting down plugin 'INNODB_BUFFER_PAGE_LRU'
2019-09-29 11:20:26 14196 [Note] Shutting down plugin 'INNODB_BUFFER_PAGE'
2019-09-29 11:20:26 14196 [Note] Shutting down plugin 'INNODB_CMP_PER_INDEX_RESET'
2019-09-29 11:20:26 14196 [Note] Shutting down plugin 'INNODB_CMP_PER_INDEX'
2019-09-29 11:20:26 14196 [Note] Shutting down plugin 'INNODB_CMPMEM_RESET'
2019-09-29 11:20:26 14196 [Note] Shutting down plugin 'INNODB_CMPMEM'
2019-09-29 11:20:26 14196 [Note] Shutting down plugin 'INNODB_CMP_RESET'
2019-09-29 11:20:26 14196 [Note] Shutting down plugin 'INNODB_CMP'
2019-09-29 11:20:26 14196 [Note] Shutting down plugin 'INNODB_LOCK_WAITS'
2019-09-29 11:20:26 14196 [Note] Shutting down plugin 'INNODB_LOCKS'
2019-09-29 11:20:26 14196 [Note] Shutting down plugin 'INNODB_TRX'
2019-09-29 11:20:26 14196 [Note] Shutting down plugin 'InnoDB'
2019-09-29 11:20:26 14196 [Note] InnoDB: FTS optimize thread exiting.
2019-09-29 11:20:26 14196 [Note] InnoDB: Starting shutdown...
2019-09-29 11:20:27 14196 [Note] InnoDB: Shutdown completed; log sequence number 4330824
2019-09-29 11:20:27 14196 [Note] Shutting down plugin 'BLACKHOLE'
2019-09-29 11:20:27 14196 [Note] Shutting down plugin 'ARCHIVE'
2019-09-29 11:20:27 14196 [Note] Shutting down plugin 'MRG_MYISAM'
2019-09-29 11:20:27 14196 [Note] Shutting down plugin 'MyISAM'
2019-09-29 11:20:27 14196 [Note] Shutting down plugin 'MEMORY'
2019-09-29 11:20:27 14196 [Note] Shutting down plugin 'CSV'
2019-09-29 11:20:27 14196 [Note] Shutting down plugin 'sha256_password'
2019-09-29 11:20:27 14196 [Note] Shutting down plugin 'mysql_old_password'
2019-09-29 11:20:27 14196 [Note] Shutting down plugin 'mysql_native_password'
2019-09-29 11:20:27 14196 [Note] Shutting down plugin 'binlog'
2019-09-29 11:20:27 14196 [Note] C:\Usb Web Server - site php/mysql/bin/mysqld_usbwv8.exe: Shutdown complete

2019-09-29 11:21:12 4372 [Note] Plugin 'FEDERATED' is disabled.
2019-09-29 11:21:12 4372 [Note] InnoDB: The InnoDB memory heap is disabled
2019-09-29 11:21:12 4372 [Note] InnoDB: Mutexes and rw_locks use Windows interlocked functions
2019-09-29 11:21:12 4372 [Note] InnoDB: Compressed tables use zlib 1.2.3
2019-09-29 11:21:12 4372 [Note] InnoDB: Not using CPU crc32 instructions
2019-09-29 11:21:12 4372 [Note] InnoDB: Initializing buffer pool, size = 128.0M
2019-09-29 11:21:12 4372 [Note] InnoDB: Completed initialization of buffer pool
2019-09-29 11:21:12 4372 [Note] InnoDB: Highest supported file format is Barracuda.
2019-09-29 11:21:17 4372 [Note] InnoDB: 128 rollback segment(s) are active.
2019-09-29 11:21:17 4372 [Note] InnoDB: Waiting for purge to start
2019-09-29 11:21:17 4372 [Note] InnoDB: 5.6.13 started; log sequence number 4330824
2019-09-29 11:21:17 4372 [Note] Server hostname (bind-address): '*'; port: 3306
2019-09-29 11:21:17 4372 [Note] IPv6 is available.
2019-09-29 11:21:17 4372 [Note]   - '::' resolves to '::';
2019-09-29 11:21:17 4372 [Note] Server socket created on IP: '::'.
2019-09-29 11:21:17 4372 [ERROR] Can't start server: Bind on TCP/IP port: No such file or directory
2019-09-29 11:21:17 4372 [ERROR] Do you already have another mysqld server running on port: 3306 ?
2019-09-29 11:21:17 4372 [ERROR] Aborting

2019-09-29 11:21:17 4372 [Note] Binlog end
2019-09-29 11:21:17 4372 [Note] Shutting down plugin 'partition'
2019-09-29 11:21:17 4372 [Note] Shutting down plugin 'PERFORMANCE_SCHEMA'
2019-09-29 11:21:17 4372 [Note] Shutting down plugin 'INNODB_SYS_DATAFILES'
2019-09-29 11:21:17 4372 [Note] Shutting down plugin 'INNODB_SYS_TABLESPACES'
2019-09-29 11:21:17 4372 [Note] Shutting down plugin 'INNODB_SYS_FOREIGN_COLS'
2019-09-29 11:21:17 4372 [Note] Shutting down plugin 'INNODB_SYS_FOREIGN'
2019-09-29 11:21:17 4372 [Note] Shutting down plugin 'INNODB_SYS_FIELDS'
2019-09-29 11:21:17 4372 [Note] Shutting down plugin 'INNODB_SYS_COLUMNS'
2019-09-29 11:21:17 4372 [Note] Shutting down plugin 'INNODB_SYS_INDEXES'
2019-09-29 11:21:17 4372 [Note] Shutting down plugin 'INNODB_SYS_TABLESTATS'
2019-09-29 11:21:17 4372 [Note] Shutting down plugin 'INNODB_SYS_TABLES'
2019-09-29 11:21:17 4372 [Note] Shutting down plugin 'INNODB_FT_INDEX_TABLE'
2019-09-29 11:21:17 4372 [Note] Shutting down plugin 'INNODB_FT_INDEX_CACHE'
2019-09-29 11:21:17 4372 [Note] Shutting down plugin 'INNODB_FT_CONFIG'
2019-09-29 11:21:17 4372 [Note] Shutting down plugin 'INNODB_FT_BEING_DELETED'
2019-09-29 11:21:17 4372 [Note] Shutting down plugin 'INNODB_FT_DELETED'
2019-09-29 11:21:17 4372 [Note] Shutting down plugin 'INNODB_FT_DEFAULT_STOPWORD'
2019-09-29 11:21:17 4372 [Note] Shutting down plugin 'INNODB_METRICS'
2019-09-29 11:21:17 4372 [Note] Shutting down plugin 'INNODB_BUFFER_POOL_STATS'
2019-09-29 11:21:17 4372 [Note] Shutting down plugin 'INNODB_BUFFER_PAGE_LRU'
2019-09-29 11:21:17 4372 [Note] Shutting down plugin 'INNODB_BUFFER_PAGE'
2019-09-29 11:21:17 4372 [Note] Shutting down plugin 'INNODB_CMP_PER_INDEX_RESET'
2019-09-29 11:21:17 4372 [Note] Shutting down plugin 'INNODB_CMP_PER_INDEX'
2019-09-29 11:21:17 4372 [Note] Shutting down plugin 'INNODB_CMPMEM_RESET'
2019-09-29 11:21:17 4372 [Note] Shutting down plugin 'INNODB_CMPMEM'
2019-09-29 11:21:17 4372 [Note] Shutting down plugin 'INNODB_CMP_RESET'
2019-09-29 11:21:17 4372 [Note] Shutting down plugin 'INNODB_CMP'
2019-09-29 11:21:17 4372 [Note] Shutting down plugin 'INNODB_LOCK_WAITS'
2019-09-29 11:21:17 4372 [Note] Shutting down plugin 'INNODB_LOCKS'
2019-09-29 11:21:17 4372 [Note] Shutting down plugin 'INNODB_TRX'
2019-09-29 11:21:17 4372 [Note] Shutting down plugin 'InnoDB'
2019-09-29 11:21:17 4372 [Note] InnoDB: FTS optimize thread exiting.
2019-09-29 11:21:17 4372 [Note] InnoDB: Starting shutdown...
2019-09-29 11:21:19 4372 [Note] InnoDB: Shutdown completed; log sequence number 4330834
2019-09-29 11:21:19 4372 [Note] Shutting down plugin 'BLACKHOLE'
2019-09-29 11:21:19 4372 [Note] Shutting down plugin 'ARCHIVE'
2019-09-29 11:21:19 4372 [Note] Shutting down plugin 'MRG_MYISAM'
2019-09-29 11:21:19 4372 [Note] Shutting down plugin 'MyISAM'
2019-09-29 11:21:19 4372 [Note] Shutting down plugin 'MEMORY'
2019-09-29 11:21:19 4372 [Note] Shutting down plugin 'CSV'
2019-09-29 11:21:19 4372 [Note] Shutting down plugin 'sha256_password'
2019-09-29 11:21:19 4372 [Note] Shutting down plugin 'mysql_old_password'
2019-09-29 11:21:19 4372 [Note] Shutting down plugin 'mysql_native_password'
2019-09-29 11:21:19 4372 [Note] Shutting down plugin 'binlog'
2019-09-29 11:21:19 4372 [Note] C:\Usb Web Server - site php/mysql/bin/mysqld_usbwv8.exe: Shutdown complete

2019-09-29 11:23:48 10184 [Note] Plugin 'FEDERATED' is disabled.
2019-09-29 11:23:48 10184 [Note] InnoDB: The InnoDB memory heap is disabled
2019-09-29 11:23:48 10184 [Note] InnoDB: Mutexes and rw_locks use Windows interlocked functions
2019-09-29 11:23:48 10184 [Note] InnoDB: Compressed tables use zlib 1.2.3
2019-09-29 11:23:48 10184 [Note] InnoDB: Not using CPU crc32 instructions
2019-09-29 11:23:48 10184 [Note] InnoDB: Initializing buffer pool, size = 128.0M
2019-09-29 11:23:48 10184 [Note] InnoDB: Completed initialization of buffer pool
2019-09-29 11:23:48 10184 [Note] InnoDB: Highest supported file format is Barracuda.
2019-09-29 11:23:56 10184 [Note] InnoDB: 128 rollback segment(s) are active.
2019-09-29 11:23:56 10184 [Note] InnoDB: Waiting for purge to start
2019-09-29 11:23:56 10184 [Note] InnoDB: 5.6.13 started; log sequence number 4330834
2019-09-29 11:23:57 10184 [Note] Server hostname (bind-address): '*'; port: 3306
2019-09-29 11:23:57 10184 [Note] IPv6 is available.
2019-09-29 11:23:57 10184 [Note]   - '::' resolves to '::';
2019-09-29 11:23:57 10184 [Note] Server socket created on IP: '::'.
2019-09-29 11:23:57 10184 [ERROR] Can't start server: Bind on TCP/IP port: No such file or directory
2019-09-29 11:23:57 10184 [ERROR] Do you already have another mysqld server running on port: 3306 ?
2019-09-29 11:23:57 10184 [ERROR] Aborting

2019-09-29 11:23:57 10184 [Note] Binlog end
2019-09-29 11:23:57 10184 [Note] Shutting down plugin 'partition'
2019-09-29 11:23:57 10184 [Note] Shutting down plugin 'PERFORMANCE_SCHEMA'
2019-09-29 11:23:57 10184 [Note] Shutting down plugin 'INNODB_SYS_DATAFILES'
2019-09-29 11:23:58 10184 [Note] Shutting down plugin 'INNODB_SYS_TABLESPACES'
2019-09-29 11:23:58 10184 [Note] Shutting down plugin 'INNODB_SYS_FOREIGN_COLS'
2019-09-29 11:23:58 10184 [Note] Shutting down plugin 'INNODB_SYS_FOREIGN'
2019-09-29 11:23:58 10184 [Note] Shutting down plugin 'INNODB_SYS_FIELDS'
2019-09-29 11:23:58 10184 [Note] Shutting down plugin 'INNODB_SYS_COLUMNS'
2019-09-29 11:23:58 10184 [Note] Shutting down plugin 'INNODB_SYS_INDEXES'
2019-09-29 11:23:58 10184 [Note] Shutting down plugin 'INNODB_SYS_TABLESTATS'
2019-09-29 11:23:58 10184 [Note] Shutting down plugin 'INNODB_SYS_TABLES'
2019-09-29 11:23:58 10184 [Note] Shutting down plugin 'INNODB_FT_INDEX_TABLE'
2019-09-29 11:23:58 10184 [Note] Shutting down plugin 'INNODB_FT_INDEX_CACHE'
2019-09-29 11:23:58 10184 [Note] Shutting down plugin 'INNODB_FT_CONFIG'
2019-09-29 11:23:58 10184 [Note] Shutting down plugin 'INNODB_FT_BEING_DELETED'
2019-09-29 11:23:58 10184 [Note] Shutting down plugin 'INNODB_FT_DELETED'
2019-09-29 11:23:58 10184 [Note] Shutting down plugin 'INNODB_FT_DEFAULT_STOPWORD'
2019-09-29 11:23:58 10184 [Note] Shutting down plugin 'INNODB_METRICS'
2019-09-29 11:23:58 10184 [Note] Shutting down plugin 'INNODB_BUFFER_POOL_STATS'
2019-09-29 11:23:58 10184 [Note] Shutting down plugin 'INNODB_BUFFER_PAGE_LRU'
2019-09-29 11:23:58 10184 [Note] Shutting down plugin 'INNODB_BUFFER_PAGE'
2019-09-29 11:23:58 10184 [Note] Shutting down plugin 'INNODB_CMP_PER_INDEX_RESET'
2019-09-29 11:23:58 10184 [Note] Shutting down plugin 'INNODB_CMP_PER_INDEX'
2019-09-29 11:23:58 10184 [Note] Shutting down plugin 'INNODB_CMPMEM_RESET'
2019-09-29 11:23:58 10184 [Note] Shutting down plugin 'INNODB_CMPMEM'
2019-09-29 11:23:58 10184 [Note] Shutting down plugin 'INNODB_CMP_RESET'
2019-09-29 11:23:58 10184 [Note] Shutting down plugin 'INNODB_CMP'
2019-09-29 11:23:58 10184 [Note] Shutting down plugin 'INNODB_LOCK_WAITS'
2019-09-29 11:23:58 10184 [Note] Shutting down plugin 'INNODB_LOCKS'
2019-09-29 11:23:58 10184 [Note] Shutting down plugin 'INNODB_TRX'
2019-09-29 11:23:58 10184 [Note] Shutting down plugin 'InnoDB'
2019-09-29 11:23:58 10184 [Note] InnoDB: FTS optimize thread exiting.
2019-09-29 11:23:58 10184 [Note] InnoDB: Starting shutdown...
2019-09-29 11:23:59 10184 [Note] InnoDB: Shutdown completed; log sequence number 4330844
2019-09-29 11:23:59 10184 [Note] Shutting down plugin 'BLACKHOLE'
2019-09-29 11:23:59 10184 [Note] Shutting down plugin 'ARCHIVE'
2019-09-29 11:23:59 10184 [Note] Shutting down plugin 'MRG_MYISAM'
2019-09-29 11:23:59 10184 [Note] Shutting down plugin 'MyISAM'
2019-09-29 11:23:59 10184 [Note] Shutting down plugin 'MEMORY'
2019-09-29 11:23:59 10184 [Note] Shutting down plugin 'CSV'
2019-09-29 11:23:59 10184 [Note] Shutting down plugin 'sha256_password'
2019-09-29 11:23:59 10184 [Note] Shutting down plugin 'mysql_old_password'
2019-09-29 11:23:59 10184 [Note] Shutting down plugin 'mysql_native_password'
2019-09-29 11:23:59 10184 [Note] Shutting down plugin 'binlog'
2019-09-29 11:23:59 10184 [Note] C:\Usb Web Server - site php/mysql/bin/mysqld_usbwv8.exe: Shutdown complete

2019-09-29 11:24:11 8236 [Note] Plugin 'FEDERATED' is disabled.
2019-09-29 11:24:11 8236 [Note] InnoDB: The InnoDB memory heap is disabled
2019-09-29 11:24:11 8236 [Note] InnoDB: Mutexes and rw_locks use Windows interlocked functions
2019-09-29 11:24:11 8236 [Note] InnoDB: Compressed tables use zlib 1.2.3
2019-09-29 11:24:11 8236 [Note] InnoDB: Not using CPU crc32 instructions
2019-09-29 11:24:11 8236 [Note] InnoDB: Initializing buffer pool, size = 128.0M
2019-09-29 11:24:11 8236 [Note] InnoDB: Completed initialization of buffer pool
2019-09-29 11:24:11 8236 [Note] InnoDB: Highest supported file format is Barracuda.
2019-09-29 11:24:12 8236 [Note] InnoDB: 128 rollback segment(s) are active.
2019-09-29 11:24:12 8236 [Note] InnoDB: Waiting for purge to start
2019-09-29 11:24:12 8236 [Note] InnoDB: 5.6.13 started; log sequence number 4330844
2019-09-29 11:24:12 8236 [Note] Server hostname (bind-address): '*'; port: 3307
2019-09-29 11:24:12 8236 [Note] IPv6 is available.
2019-09-29 11:24:12 8236 [Note]   - '::' resolves to '::';
2019-09-29 11:24:12 8236 [Note] Server socket created on IP: '::'.
2019-09-29 11:24:41 7344 [Note] Plugin 'FEDERATED' is disabled.
2019-09-29 11:24:41 7344 [Note] InnoDB: The InnoDB memory heap is disabled
2019-09-29 11:24:41 7344 [Note] InnoDB: Mutexes and rw_locks use Windows interlocked functions
2019-09-29 11:24:41 7344 [Note] InnoDB: Compressed tables use zlib 1.2.3
2019-09-29 11:24:41 7344 [Note] InnoDB: Not using CPU crc32 instructions
2019-09-29 11:24:41 7344 [Note] InnoDB: Initializing buffer pool, size = 128.0M
2019-09-29 11:24:41 7344 [Note] InnoDB: Completed initialization of buffer pool
2019-09-29 11:24:41 7344 [Note] InnoDB: Highest supported file format is Barracuda.
2019-09-29 11:24:41 7344 [Note] InnoDB: The log sequence numbers 4330844 and 4330844 in ibdata files do not match the log sequence number 4330854 in the ib_logfiles!
2019-09-29 11:24:41 7344 [Note] InnoDB: Database was not shutdown normally!
2019-09-29 11:24:41 7344 [Note] InnoDB: Starting crash recovery.
2019-09-29 11:24:41 7344 [Note] InnoDB: Reading tablespace information from the .ibd files...
2019-09-29 11:24:44 7344 [Note] InnoDB: Restoring possible half-written data pages 
2019-09-29 11:24:44 7344 [Note] InnoDB: from the doublewrite buffer...
2019-09-29 11:24:48 7344 [Note] InnoDB: 128 rollback segment(s) are active.
2019-09-29 11:24:48 7344 [Note] InnoDB: Waiting for purge to start
2019-09-29 11:24:48 7344 [Note] InnoDB: 5.6.13 started; log sequence number 4330854
2019-09-29 11:24:48 7344 [Note] Server hostname (bind-address): '*'; port: 3307
2019-09-29 11:24:48 7344 [Note] IPv6 is available.
2019-09-29 11:24:48 7344 [Note]   - '::' resolves to '::';
2019-09-29 11:24:48 7344 [Note] Server socket created on IP: '::'.
2019-09-29 12:39:18 7448 [Note] Plugin 'FEDERATED' is disabled.
2019-09-29 12:39:18 7448 [Note] InnoDB: The InnoDB memory heap is disabled
2019-09-29 12:39:18 7448 [Note] InnoDB: Mutexes and rw_locks use Windows interlocked functions
2019-09-29 12:39:18 7448 [Note] InnoDB: Compressed tables use zlib 1.2.3
2019-09-29 12:39:18 7448 [Note] InnoDB: Not using CPU crc32 instructions
2019-09-29 12:39:18 7448 [Note] InnoDB: Initializing buffer pool, size = 128.0M
2019-09-29 12:39:18 7448 [Note] InnoDB: Completed initialization of buffer pool
2019-09-29 12:39:19 7448 [Note] InnoDB: Highest supported file format is Barracuda.
2019-09-29 12:39:19 7448 [Note] InnoDB: The log sequence numbers 4330844 and 4330844 in ibdata files do not match the log sequence number 4330864 in the ib_logfiles!
2019-09-29 12:39:19 7448 [Note] InnoDB: Database was not shutdown normally!
2019-09-29 12:39:19 7448 [Note] InnoDB: Starting crash recovery.
2019-09-29 12:39:19 7448 [Note] InnoDB: Reading tablespace information from the .ibd files...
2019-09-29 12:39:23 7448 [Note] InnoDB: Restoring possible half-written data pages 
2019-09-29 12:39:23 7448 [Note] InnoDB: from the doublewrite buffer...
2019-09-29 12:39:30 7448 [Note] InnoDB: 128 rollback segment(s) are active.
2019-09-29 12:39:31 7448 [Note] InnoDB: Waiting for purge to start
2019-09-29 12:39:31 7448 [Note] InnoDB: 5.6.13 started; log sequence number 4330864
2019-09-29 12:39:31 7448 [Note] Server hostname (bind-address): '*'; port: 3307
2019-09-29 12:39:31 7448 [Note] IPv6 is available.
2019-09-29 12:39:31 7448 [Note]   - '::' resolves to '::';
2019-09-29 12:39:31 7448 [Note] Server socket created on IP: '::'.
2019-09-29 12:40:05 7180 [Note] Plugin 'FEDERATED' is disabled.
2019-09-29 12:40:05 7180 [Note] InnoDB: The InnoDB memory heap is disabled
2019-09-29 12:40:05 7180 [Note] InnoDB: Mutexes and rw_locks use Windows interlocked functions
2019-09-29 12:40:05 7180 [Note] InnoDB: Compressed tables use zlib 1.2.3
2019-09-29 12:40:05 7180 [Note] InnoDB: Not using CPU crc32 instructions
2019-09-29 12:40:05 7180 [Note] InnoDB: Initializing buffer pool, size = 128.0M
2019-09-29 12:40:05 7180 [Note] InnoDB: Completed initialization of buffer pool
2019-09-29 12:40:05 7180 [Note] InnoDB: Highest supported file format is Barracuda.
2019-09-29 12:40:06 7180 [Note] InnoDB: The log sequence numbers 4330844 and 4330844 in ibdata files do not match the log sequence number 4330874 in the ib_logfiles!
2019-09-29 12:40:06 7180 [Note] InnoDB: Database was not shutdown normally!
2019-09-29 12:40:06 7180 [Note] InnoDB: Starting crash recovery.
2019-09-29 12:40:06 7180 [Note] InnoDB: Reading tablespace information from the .ibd files...
2019-09-29 12:40:06 7180 [Note] InnoDB: Restoring possible half-written data pages 
2019-09-29 12:40:06 7180 [Note] InnoDB: from the doublewrite buffer...
2019-09-29 12:40:07 7180 [Note] InnoDB: 128 rollback segment(s) are active.
2019-09-29 12:40:07 7180 [Note] InnoDB: Waiting for purge to start
2019-09-29 12:40:07 7180 [Note] InnoDB: 5.6.13 started; log sequence number 4330874
2019-09-29 12:40:07 7180 [Note] Server hostname (bind-address): '*'; port: 3307
2019-09-29 12:40:07 7180 [Note] IPv6 is available.
2019-09-29 12:40:07 7180 [Note]   - '::' resolves to '::';
2019-09-29 12:40:07 7180 [Note] Server socket created on IP: '::'.
2019-09-29 12:40:14 8472 [Note] Plugin 'FEDERATED' is disabled.
2019-09-29 12:40:14 8472 [Note] InnoDB: The InnoDB memory heap is disabled
2019-09-29 12:40:14 8472 [Note] InnoDB: Mutexes and rw_locks use Windows interlocked functions
2019-09-29 12:40:14 8472 [Note] InnoDB: Compressed tables use zlib 1.2.3
2019-09-29 12:40:14 8472 [Note] InnoDB: Not using CPU crc32 instructions
2019-09-29 12:40:14 8472 [Note] InnoDB: Initializing buffer pool, size = 128.0M
2019-09-29 12:40:14 8472 [Note] InnoDB: Completed initialization of buffer pool
2019-09-29 12:40:14 8472 [Note] InnoDB: Highest supported file format is Barracuda.
2019-09-29 12:40:14 8472 [Note] InnoDB: Log scan progressed past the checkpoint lsn 4330874
2019-09-29 12:40:14 8472 [Note] InnoDB: Database was not shutdown normally!
2019-09-29 12:40:14 8472 [Note] InnoDB: Starting crash recovery.
2019-09-29 12:40:14 8472 [Note] InnoDB: Reading tablespace information from the .ibd files...
2019-09-29 12:40:14 8472 [Note] InnoDB: Restoring possible half-written data pages 
2019-09-29 12:40:14 8472 [Note] InnoDB: from the doublewrite buffer...
InnoDB: Doing recovery: scanned up to log sequence number 4330884
2019-09-29 12:40:16 8472 [Note] InnoDB: 128 rollback segment(s) are active.
2019-09-29 12:40:16 8472 [Note] InnoDB: Waiting for purge to start
2019-09-29 12:40:16 8472 [Note] InnoDB: 5.6.13 started; log sequence number 4330884
2019-09-29 12:40:16 8472 [Note] Server hostname (bind-address): '*'; port: 3307
2019-09-29 12:40:16 8472 [Note] IPv6 is available.
2019-09-29 12:40:16 8472 [Note]   - '::' resolves to '::';
2019-09-29 12:40:16 8472 [Note] Server socket created on IP: '::'.
2019-09-29 16:31:15 4260 [Note] Plugin 'FEDERATED' is disabled.
2019-09-29 16:31:15 4260 [Note] InnoDB: The InnoDB memory heap is disabled
2019-09-29 16:31:15 4260 [Note] InnoDB: Mutexes and rw_locks use Windows interlocked functions
2019-09-29 16:31:15 4260 [Note] InnoDB: Compressed tables use zlib 1.2.3
2019-09-29 16:31:15 4260 [Note] InnoDB: Not using CPU crc32 instructions
2019-09-29 16:31:15 4260 [Note] InnoDB: Initializing buffer pool, size = 128.0M
2019-09-29 16:31:15 4260 [Note] InnoDB: Completed initialization of buffer pool
2019-09-29 16:31:16 4260 [Note] InnoDB: Highest supported file format is Barracuda.
2019-09-29 16:31:16 4260 [Note] InnoDB: The log sequence numbers 4330844 and 4330844 in ibdata files do not match the log sequence number 4330894 in the ib_logfiles!
2019-09-29 16:31:16 4260 [Note] InnoDB: Database was not shutdown normally!
2019-09-29 16:31:16 4260 [Note] InnoDB: Starting crash recovery.
2019-09-29 16:31:16 4260 [Note] InnoDB: Reading tablespace information from the .ibd files...
2019-09-29 16:31:22 4260 [Note] InnoDB: Restoring possible half-written data pages 
2019-09-29 16:31:22 4260 [Note] InnoDB: from the doublewrite buffer...
2019-09-29 16:31:23 4260 [Note] InnoDB: 128 rollback segment(s) are active.
2019-09-29 16:31:24 4260 [Note] InnoDB: Waiting for purge to start
2019-09-29 16:31:24 4260 [Note] InnoDB: 5.6.13 started; log sequence number 4330894
2019-09-29 16:31:24 4260 [Note] Server hostname (bind-address): '*'; port: 3307
2019-09-29 16:31:24 4260 [Note] IPv6 is available.
2019-09-29 16:31:24 4260 [Note]   - '::' resolves to '::';
2019-09-29 16:31:24 4260 [Note] Server socket created on IP: '::'.
